{"D:\\projects\\react-projects\\cohort-9-mern-16178-hiba\\frontend\\src\\components\\Button.jsx": {"path":"D:\\projects\\react-projects\\cohort-9-mern-16178-hiba\\frontend\\src\\components\\Button.jsx","statementMap":{"0":{"start":{"line":4,"column":0},"end":{"line":9,"column":2}}},"fnMap":{"0":{"name":"Button","decl":{"start":{"line":1,"column":9},"end":{"line":1,"column":15}},"loc":{"start":{"line":2,"column":0},"end":{"line":11,"column":1}},"line":2}},"branchMap":{"0":{"loc":{"start":{"line":1,"column":34},"end":{"line":1,"column":47}},"type":"default-arg","locations":[{"start":{"line":1,"column":39},"end":{"line":1,"column":47}}],"line":1},"1":{"loc":{"start":{"line":1,"column":49},"end":{"line":1,"column":61}},"type":"default-arg","locations":[{"start":{"line":1,"column":59},"end":{"line":1,"column":61}}],"line":1}},"s":{"0":49},"f":{"0":49},"b":{"0":[0],"1":[0]},"_coverageSchema":"1a1c01bbd47fc00a2c39e90264f33305004495a9","hash":"b170605e2605bf507e078479b9565c56d8fcb61b"}
,"D:\\projects\\react-projects\\cohort-9-mern-16178-hiba\\frontend\\src\\components\\PasswordStrength.jsx": {"path":"D:\\projects\\react-projects\\cohort-9-mern-16178-hiba\\frontend\\src\\components\\PasswordStrength.jsx","statementMap":{"0":{"start":{"line":2,"column":2},"end":{"line":2,"column":37}},"1":{"start":{"line":2,"column":25},"end":{"line":2,"column":37}},"2":{"start":{"line":4,"column":24},"end":{"line":7,"column":3}},"3":{"start":{"line":9,"column":2},"end":{"line":44,"column":4}},"4":{"start":{"line":13,"column":10},"end":{"line":24,"column":12}}},"fnMap":{"0":{"name":"PasswordStrength","decl":{"start":{"line":1,"column":9},"end":{"line":1,"column":25}},"loc":{"start":{"line":1,"column":48},"end":{"line":45,"column":1}},"line":1},"1":{"name":"(anonymous_1)","decl":{"start":{"line":12,"column":38},"end":{"line":12,"column":39}},"loc":{"start":{"line":13,"column":10},"end":{"line":24,"column":12}},"line":13}},"branchMap":{"0":{"loc":{"start":{"line":2,"column":2},"end":{"line":2,"column":37}},"type":"if","locations":[{"start":{"line":2,"column":2},"end":{"line":2,"column":37}},{"start":{},"end":{}}],"line":2},"1":{"loc":{"start":{"line":16,"column":14},"end":{"line":22,"column":55}},"type":"cond-expr","locations":[{"start":{"line":17,"column":18},"end":{"line":21,"column":53}},{"start":{"line":22,"column":18},"end":{"line":22,"column":55}}],"line":16},"2":{"loc":{"start":{"line":17,"column":18},"end":{"line":21,"column":53}},"type":"cond-expr","locations":[{"start":{"line":18,"column":20},"end":{"line":18,"column":47}},{"start":{"line":19,"column":20},"end":{"line":21,"column":53}}],"line":17},"3":{"loc":{"start":{"line":19,"column":20},"end":{"line":21,"column":53}},"type":"cond-expr","locations":[{"start":{"line":20,"column":22},"end":{"line":20,"column":55}},{"start":{"line":21,"column":22},"end":{"line":21,"column":53}}],"line":19},"4":{"loc":{"start":{"line":30,"column":10},"end":{"line":34,"column":32}},"type":"cond-expr","locations":[{"start":{"line":31,"column":14},"end":{"line":31,"column":28}},{"start":{"line":32,"column":14},"end":{"line":34,"column":32}}],"line":30},"5":{"loc":{"start":{"line":32,"column":14},"end":{"line":34,"column":32}},"type":"cond-expr","locations":[{"start":{"line":33,"column":16},"end":{"line":33,"column":33}},{"start":{"line":34,"column":16},"end":{"line":34,"column":32}}],"line":32},"6":{"loc":{"start":{"line":37,"column":9},"end":{"line":37,"column":52}},"type":"binary-expr","locations":[{"start":{"line":37,"column":9},"end":{"line":37,"column":37}},{"start":{"line":37,"column":41},"end":{"line":37,"column":52}}],"line":37},"7":{"loc":{"start":{"line":38,"column":9},"end":{"line":38,"column":47}},"type":"binary-expr","locations":[{"start":{"line":38,"column":9},"end":{"line":38,"column":37}},{"start":{"line":38,"column":41},"end":{"line":38,"column":47}}],"line":38},"8":{"loc":{"start":{"line":39,"column":9},"end":{"line":39,"column":47}},"type":"binary-expr","locations":[{"start":{"line":39,"column":9},"end":{"line":39,"column":37}},{"start":{"line":39,"column":41},"end":{"line":39,"column":47}}],"line":39},"9":{"loc":{"start":{"line":40,"column":9},"end":{"line":40,"column":49}},"type":"binary-expr","locations":[{"start":{"line":40,"column":9},"end":{"line":40,"column":37}},{"start":{"line":40,"column":41},"end":{"line":40,"column":49}}],"line":40},"10":{"loc":{"start":{"line":41,"column":9},"end":{"line":41,"column":54}},"type":"binary-expr","locations":[{"start":{"line":41,"column":9},"end":{"line":41,"column":37}},{"start":{"line":41,"column":41},"end":{"line":41,"column":54}}],"line":41}},"s":{"0":57,"1":37,"2":20,"3":20,"4":160},"f":{"0":57,"1":160},"b":{"0":[37,20],"1":[160,0],"2":[0,160],"3":[0,160],"4":[0,20],"5":[0,20],"6":[20,0],"7":[20,0],"8":[20,0],"9":[20,0],"10":[20,20]},"_coverageSchema":"1a1c01bbd47fc00a2c39e90264f33305004495a9","hash":"b5a3f5f31f74012b9889bfc19e8d38e54db48122"}
,"D:\\projects\\react-projects\\cohort-9-mern-16178-hiba\\frontend\\src\\components\\Toast.jsx": {"path":"D:\\projects\\react-projects\\cohort-9-mern-16178-hiba\\frontend\\src\\components\\Toast.jsx","statementMap":{"0":{"start":{"line":6,"column":2},"end":{"line":14,"column":4}}},"fnMap":{"0":{"name":"Toast","decl":{"start":{"line":5,"column":9},"end":{"line":5,"column":14}},"loc":{"start":{"line":5,"column":28},"end":{"line":15,"column":1}},"line":5}},"branchMap":{},"s":{"0":1},"f":{"0":1},"b":{},"_coverageSchema":"1a1c01bbd47fc00a2c39e90264f33305004495a9","hash":"4fee10d50e9d9573f40022584145726014ed8e16"}
,"D:\\projects\\react-projects\\cohort-9-mern-16178-hiba\\frontend\\src\\components\\modal\\LogoutModal.jsx": {"path":"D:\\projects\\react-projects\\cohort-9-mern-16178-hiba\\frontend\\src\\components\\modal\\LogoutModal.jsx","statementMap":{"0":{"start":{"line":9,"column":19},"end":{"line":9,"column":32}},"1":{"start":{"line":10,"column":19},"end":{"line":10,"column":28}},"2":{"start":{"line":14,"column":6},"end":{"line":14,"column":16}},"3":{"start":{"line":17,"column":4},"end":{"line":32,"column":5}},"4":{"start":{"line":18,"column":15},"end":{"line":20,"column":2}},"5":{"start":{"line":21,"column":0},"end":{"line":25,"column":1}},"6":{"start":{"line":22,"column":2},"end":{"line":24,"column":4}},"7":{"start":{"line":26,"column":0},"end":{"line":26,"column":9}},"8":{"start":{"line":27,"column":0},"end":{"line":27,"column":19}},"9":{"start":{"line":28,"column":0},"end":{"line":28,"column":34}},"10":{"start":{"line":31,"column":1},"end":{"line":31,"column":39}},"11":{"start":{"line":36,"column":2},"end":{"line":87,"column":4}}},"fnMap":{"0":{"name":"LogoutModal","decl":{"start":{"line":8,"column":9},"end":{"line":8,"column":20}},"loc":{"start":{"line":8,"column":23},"end":{"line":88,"column":1}},"line":8},"1":{"name":"handleLogout","decl":{"start":{"line":16,"column":17},"end":{"line":16,"column":29}},"loc":{"start":{"line":16,"column":32},"end":{"line":33,"column":3}},"line":16}},"branchMap":{"0":{"loc":{"start":{"line":21,"column":0},"end":{"line":25,"column":1}},"type":"if","locations":[{"start":{"line":21,"column":0},"end":{"line":25,"column":1}},{"start":{},"end":{}}],"line":21}},"s":{"0":7,"1":7,"2":7,"3":3,"4":3,"5":2,"6":1,"7":1,"8":1,"9":1,"10":2,"11":7},"f":{"0":7,"1":3},"b":{"0":[1,1]},"_coverageSchema":"1a1c01bbd47fc00a2c39e90264f33305004495a9","hash":"aa7f67712649e89c39cd2781c8f561d2e2c369ac"}
,"D:\\projects\\react-projects\\cohort-9-mern-16178-hiba\\frontend\\src\\context\\NotesContext.jsx": {"path":"D:\\projects\\react-projects\\cohort-9-mern-16178-hiba\\frontend\\src\\context\\NotesContext.jsx","statementMap":{"0":{"start":{"line":4,"column":21},"end":{"line":4,"column":36}},"1":{"start":{"line":7,"column":30},"end":{"line":7,"column":42}},"2":{"start":{"line":8,"column":38},"end":{"line":8,"column":52}},"3":{"start":{"line":9,"column":38},"end":{"line":9,"column":50}},"4":{"start":{"line":10,"column":42},"end":{"line":10,"column":58}},"5":{"start":{"line":11,"column":44},"end":{"line":11,"column":55}},"6":{"start":{"line":12,"column":26},"end":{"line":12,"column":38}},"7":{"start":{"line":13,"column":28},"end":{"line":13,"column":37}},"8":{"start":{"line":15,"column":0},"end":{"line":19,"column":7}},"9":{"start":{"line":16,"column":2},"end":{"line":18,"column":5}},"10":{"start":{"line":17,"column":4},"end":{"line":17,"column":51}},"11":{"start":{"line":22,"column":0},"end":{"line":29,"column":7}},"12":{"start":{"line":24,"column":2},"end":{"line":28,"column":4}},"13":{"start":{"line":25,"column":4},"end":{"line":27,"column":5}},"14":{"start":{"line":26,"column":6},"end":{"line":26,"column":46}},"15":{"start":{"line":32,"column":6},"end":{"line":32,"column":39}},"16":{"start":{"line":33,"column":4},"end":{"line":53,"column":3}},"17":{"start":{"line":34,"column":21},"end":{"line":40,"column":6}},"18":{"start":{"line":41,"column":17},"end":{"line":41,"column":38}},"19":{"start":{"line":42,"column":4},"end":{"line":44,"column":5}},"20":{"start":{"line":43,"column":6},"end":{"line":43,"column":63}},"21":{"start":{"line":45,"column":4},"end":{"line":45,"column":45}},"22":{"start":{"line":45,"column":23},"end":{"line":45,"column":43}},"23":{"start":{"line":46,"column":4},"end":{"line":46,"column":24}},"24":{"start":{"line":48,"column":4},"end":{"line":48,"column":21}},"25":{"start":{"line":51,"column":6},"end":{"line":51,"column":62}},"26":{"start":{"line":52,"column":4},"end":{"line":52,"column":16}},"27":{"start":{"line":57,"column":2},"end":{"line":86,"column":3}},"28":{"start":{"line":58,"column":21},"end":{"line":65,"column":6}},"29":{"start":{"line":67,"column":17},"end":{"line":67,"column":38}},"30":{"start":{"line":69,"column":3},"end":{"line":73,"column":1}},"31":{"start":{"line":70,"column":16},"end":{"line":70,"column":73}},"32":{"start":{"line":71,"column":2},"end":{"line":71,"column":33}},"33":{"start":{"line":72,"column":2},"end":{"line":72,"column":14}},"34":{"start":{"line":76,"column":4},"end":{"line":78,"column":6}},"35":{"start":{"line":77,"column":6},"end":{"line":77,"column":61}},"36":{"start":{"line":77,"column":26},"end":{"line":77,"column":59}},"37":{"start":{"line":80,"column":4},"end":{"line":80,"column":24}},"38":{"start":{"line":82,"column":4},"end":{"line":82,"column":21}},"39":{"start":{"line":84,"column":4},"end":{"line":84,"column":66}},"40":{"start":{"line":85,"column":4},"end":{"line":85,"column":16}},"41":{"start":{"line":90,"column":26},"end":{"line":90,"column":53}},"42":{"start":{"line":91,"column":2},"end":{"line":108,"column":3}},"43":{"start":{"line":92,"column":21},"end":{"line":92,"column":49}},"44":{"start":{"line":94,"column":17},"end":{"line":94,"column":38}},"45":{"start":{"line":96,"column":4},"end":{"line":98,"column":5}},"46":{"start":{"line":97,"column":6},"end":{"line":97,"column":70}},"47":{"start":{"line":100,"column":4},"end":{"line":102,"column":5}},"48":{"start":{"line":101,"column":6},"end":{"line":101,"column":13}},"49":{"start":{"line":103,"column":4},"end":{"line":103,"column":28}},"50":{"start":{"line":104,"column":4},"end":{"line":104,"column":24}},"51":{"start":{"line":106,"column":4},"end":{"line":106,"column":67}},"52":{"start":{"line":107,"column":4},"end":{"line":107,"column":16}},"53":{"start":{"line":112,"column":2},"end":{"line":131,"column":3}},"54":{"start":{"line":113,"column":21},"end":{"line":113,"column":55}},"55":{"start":{"line":115,"column":17},"end":{"line":115,"column":38}},"56":{"start":{"line":117,"column":4},"end":{"line":119,"column":5}},"57":{"start":{"line":118,"column":6},"end":{"line":118,"column":62}},"58":{"start":{"line":121,"column":4},"end":{"line":123,"column":6}},"59":{"start":{"line":122,"column":6},"end":{"line":122,"column":61}},"60":{"start":{"line":122,"column":26},"end":{"line":122,"column":59}},"61":{"start":{"line":125,"column":4},"end":{"line":125,"column":24}},"62":{"start":{"line":127,"column":4},"end":{"line":127,"column":21}},"63":{"start":{"line":129,"column":4},"end":{"line":129,"column":59}},"64":{"start":{"line":130,"column":4},"end":{"line":130,"column":16}},"65":{"start":{"line":135,"column":3},"end":{"line":149,"column":3}},"66":{"start":{"line":136,"column":21},"end":{"line":138,"column":6}},"67":{"start":{"line":139,"column":17},"end":{"line":139,"column":38}},"68":{"start":{"line":140,"column":4},"end":{"line":142,"column":5}},"69":{"start":{"line":141,"column":6},"end":{"line":141,"column":64}},"70":{"start":{"line":143,"column":4},"end":{"line":145,"column":6}},"71":{"start":{"line":144,"column":6},"end":{"line":144,"column":61}},"72":{"start":{"line":144,"column":26},"end":{"line":144,"column":59}},"73":{"start":{"line":147,"column":4},"end":{"line":147,"column":52}},"74":{"start":{"line":148,"column":7},"end":{"line":148,"column":64}},"75":{"start":{"line":153,"column":3},"end":{"line":165,"column":3}},"76":{"start":{"line":154,"column":21},"end":{"line":156,"column":6}},"77":{"start":{"line":157,"column":17},"end":{"line":157,"column":38}},"78":{"start":{"line":158,"column":4},"end":{"line":160,"column":5}},"79":{"start":{"line":159,"column":6},"end":{"line":159,"column":75}},"80":{"start":{"line":161,"column":4},"end":{"line":161,"column":62}},"81":{"start":{"line":161,"column":23},"end":{"line":161,"column":60}},"82":{"start":{"line":161,"column":45},"end":{"line":161,"column":59}},"83":{"start":{"line":163,"column":4},"end":{"line":163,"column":63}},"84":{"start":{"line":164,"column":7},"end":{"line":164,"column":63}},"85":{"start":{"line":168,"column":4},"end":{"line":183,"column":5}},"86":{"start":{"line":169,"column":6},"end":{"line":169,"column":26}},"87":{"start":{"line":170,"column":23},"end":{"line":172,"column":8}},"88":{"start":{"line":173,"column":19},"end":{"line":173,"column":40}},"89":{"start":{"line":174,"column":6},"end":{"line":176,"column":7}},"90":{"start":{"line":175,"column":8},"end":{"line":175,"column":79}},"91":{"start":{"line":177,"column":6},"end":{"line":179,"column":8}},"92":{"start":{"line":178,"column":8},"end":{"line":178,"column":63}},"93":{"start":{"line":178,"column":28},"end":{"line":178,"column":61}},"94":{"start":{"line":181,"column":6},"end":{"line":181,"column":60}},"95":{"start":{"line":182,"column":9},"end":{"line":182,"column":72}},"96":{"start":{"line":188,"column":4},"end":{"line":205,"column":5}},"97":{"start":{"line":189,"column":23},"end":{"line":191,"column":8}},"98":{"start":{"line":192,"column":19},"end":{"line":192,"column":40}},"99":{"start":{"line":193,"column":6},"end":{"line":197,"column":7}},"100":{"start":{"line":194,"column":8},"end":{"line":196,"column":10}},"101":{"start":{"line":199,"column":6},"end":{"line":201,"column":8}},"102":{"start":{"line":200,"column":8},"end":{"line":200,"column":63}},"103":{"start":{"line":200,"column":28},"end":{"line":200,"column":61}},"104":{"start":{"line":203,"column":6},"end":{"line":203,"column":52}},"105":{"start":{"line":204,"column":9},"end":{"line":204,"column":72}},"106":{"start":{"line":210,"column":2},"end":{"line":223,"column":3}},"107":{"start":{"line":211,"column":21},"end":{"line":211,"column":23}},"108":{"start":{"line":213,"column":4},"end":{"line":216,"column":5}},"109":{"start":{"line":214,"column":22},"end":{"line":214,"column":64}},"110":{"start":{"line":215,"column":6},"end":{"line":215,"column":29}},"111":{"start":{"line":218,"column":4},"end":{"line":218,"column":20}},"112":{"start":{"line":220,"column":4},"end":{"line":220,"column":52}},"113":{"start":{"line":222,"column":4},"end":{"line":222,"column":16}},"114":{"start":{"line":228,"column":2},"end":{"line":264,"column":3}},"115":{"start":{"line":229,"column":18},"end":{"line":229,"column":42}},"116":{"start":{"line":230,"column":20},"end":{"line":230,"column":38}},"117":{"start":{"line":233,"column":29},"end":{"line":242,"column":13}},"118":{"start":{"line":244,"column":24},"end":{"line":244,"column":57}},"119":{"start":{"line":246,"column":17},"end":{"line":248,"column":6}},"120":{"start":{"line":250,"column":20},"end":{"line":250,"column":45}},"121":{"start":{"line":252,"column":17},"end":{"line":252,"column":44}},"122":{"start":{"line":253,"column":4},"end":{"line":253,"column":24}},"123":{"start":{"line":254,"column":4},"end":{"line":254,"column":35}},"124":{"start":{"line":256,"column":4},"end":{"line":256,"column":36}},"125":{"start":{"line":257,"column":4},"end":{"line":257,"column":17}},"126":{"start":{"line":258,"column":4},"end":{"line":258,"column":36}},"127":{"start":{"line":261,"column":4},"end":{"line":261,"column":33}},"128":{"start":{"line":263,"column":4},"end":{"line":263,"column":51}},"129":{"start":{"line":268,"column":22},"end":{"line":268,"column":61}},"130":{"start":{"line":268,"column":45},"end":{"line":268,"column":60}},"131":{"start":{"line":270,"column":2},"end":{"line":272,"column":3}},"132":{"start":{"line":271,"column":4},"end":{"line":271,"column":11}},"133":{"start":{"line":274,"column":2},"end":{"line":348,"column":3}},"134":{"start":{"line":275,"column":4},"end":{"line":275,"column":33}},"135":{"start":{"line":276,"column":4},"end":{"line":276,"column":25}},"136":{"start":{"line":278,"column":16},"end":{"line":278,"column":27}},"137":{"start":{"line":280,"column":18},"end":{"line":280,"column":27}},"138":{"start":{"line":281,"column":4},"end":{"line":316,"column":5}},"139":{"start":{"line":281,"column":17},"end":{"line":281,"column":18}},"140":{"start":{"line":282,"column":19},"end":{"line":282,"column":33}},"141":{"start":{"line":284,"column":20},"end":{"line":284,"column":44}},"142":{"start":{"line":285,"column":22},"end":{"line":285,"column":40}},"143":{"start":{"line":288,"column":31},"end":{"line":297,"column":15}},"144":{"start":{"line":299,"column":23},"end":{"line":301,"column":16}},"145":{"start":{"line":303,"column":15},"end":{"line":303,"column":33}},"146":{"start":{"line":304,"column":13},"end":{"line":304,"column":14}},"147":{"start":{"line":306,"column":0},"end":{"line":309,"column":1}},"148":{"start":{"line":307,"column":2},"end":{"line":307,"column":44}},"149":{"start":{"line":308,"column":2},"end":{"line":308,"column":11}},"150":{"start":{"line":311,"column":0},"end":{"line":311,"column":24}},"151":{"start":{"line":313,"column":0},"end":{"line":313,"column":54}},"152":{"start":{"line":315,"column":6},"end":{"line":315,"column":31}},"153":{"start":{"line":318,"column":20},"end":{"line":320,"column":6}},"154":{"start":{"line":322,"column":19},"end":{"line":322,"column":47}},"155":{"start":{"line":324,"column":17},"end":{"line":324,"column":44}},"156":{"start":{"line":325,"column":4},"end":{"line":325,"column":23}},"157":{"start":{"line":326,"column":4},"end":{"line":326,"column":35}},"158":{"start":{"line":328,"column":4},"end":{"line":328,"column":36}},"159":{"start":{"line":329,"column":4},"end":{"line":329,"column":17}},"160":{"start":{"line":330,"column":4},"end":{"line":330,"column":36}},"161":{"start":{"line":332,"column":4},"end":{"line":332,"column":32}},"162":{"start":{"line":334,"column":4},"end":{"line":334,"column":33}},"163":{"start":{"line":336,"column":0},"end":{"line":339,"column":9}},"164":{"start":{"line":337,"column":2},"end":{"line":337,"column":26}},"165":{"start":{"line":338,"column":2},"end":{"line":338,"column":23}},"166":{"start":{"line":341,"column":4},"end":{"line":341,"column":56}},"167":{"start":{"line":343,"column":4},"end":{"line":343,"column":29}},"168":{"start":{"line":344,"column":0},"end":{"line":347,"column":9}},"169":{"start":{"line":345,"column":2},"end":{"line":345,"column":26}},"170":{"start":{"line":346,"column":2},"end":{"line":346,"column":23}},"171":{"start":{"line":350,"column":2},"end":{"line":375,"column":4}},"172":{"start":{"line":379,"column":2},"end":{"line":379,"column":34}}},"fnMap":{"0":{"name":"NotesProvider","decl":{"start":{"line":6,"column":16},"end":{"line":6,"column":29}},"loc":{"start":{"line":6,"column":44},"end":{"line":376,"column":1}},"line":6},"1":{"name":"(anonymous_1)","decl":{"start":{"line":15,"column":10},"end":{"line":15,"column":11}},"loc":{"start":{"line":15,"column":16},"end":{"line":19,"column":1}},"line":15},"2":{"name":"(anonymous_2)","decl":{"start":{"line":16,"column":22},"end":{"line":16,"column":23}},"loc":{"start":{"line":16,"column":33},"end":{"line":18,"column":3}},"line":16},"3":{"name":"(anonymous_3)","decl":{"start":{"line":22,"column":10},"end":{"line":22,"column":11}},"loc":{"start":{"line":22,"column":16},"end":{"line":29,"column":1}},"line":22},"4":{"name":"(anonymous_4)","decl":{"start":{"line":24,"column":9},"end":{"line":24,"column":10}},"loc":{"start":{"line":24,"column":15},"end":{"line":28,"column":3}},"line":24},"5":{"name":"createNote","decl":{"start":{"line":31,"column":17},"end":{"line":31,"column":27}},"loc":{"start":{"line":31,"column":48},"end":{"line":54,"column":3}},"line":31},"6":{"name":"(anonymous_6)","decl":{"start":{"line":45,"column":13},"end":{"line":45,"column":14}},"loc":{"start":{"line":45,"column":23},"end":{"line":45,"column":43}},"line":45},"7":{"name":"updateNote","decl":{"start":{"line":56,"column":15},"end":{"line":56,"column":25}},"loc":{"start":{"line":56,"column":61},"end":{"line":87,"column":1}},"line":56},"8":{"name":"(anonymous_8)","decl":{"start":{"line":76,"column":13},"end":{"line":76,"column":14}},"loc":{"start":{"line":77,"column":6},"end":{"line":77,"column":61}},"line":77},"9":{"name":"(anonymous_9)","decl":{"start":{"line":77,"column":15},"end":{"line":77,"column":16}},"loc":{"start":{"line":77,"column":26},"end":{"line":77,"column":59}},"line":77},"10":{"name":"getAllNotes","decl":{"start":{"line":89,"column":15},"end":{"line":89,"column":26}},"loc":{"start":{"line":89,"column":29},"end":{"line":109,"column":1}},"line":89},"11":{"name":"getNoteById","decl":{"start":{"line":111,"column":15},"end":{"line":111,"column":26}},"loc":{"start":{"line":111,"column":31},"end":{"line":132,"column":1}},"line":111},"12":{"name":"(anonymous_12)","decl":{"start":{"line":121,"column":13},"end":{"line":121,"column":14}},"loc":{"start":{"line":122,"column":6},"end":{"line":122,"column":61}},"line":122},"13":{"name":"(anonymous_13)","decl":{"start":{"line":122,"column":15},"end":{"line":122,"column":16}},"loc":{"start":{"line":122,"column":26},"end":{"line":122,"column":59}},"line":122},"14":{"name":"restoreNote","decl":{"start":{"line":133,"column":16},"end":{"line":133,"column":27}},"loc":{"start":{"line":133,"column":32},"end":{"line":150,"column":3}},"line":133},"15":{"name":"(anonymous_15)","decl":{"start":{"line":143,"column":13},"end":{"line":143,"column":14}},"loc":{"start":{"line":144,"column":6},"end":{"line":144,"column":61}},"line":144},"16":{"name":"(anonymous_16)","decl":{"start":{"line":144,"column":15},"end":{"line":144,"column":16}},"loc":{"start":{"line":144,"column":26},"end":{"line":144,"column":59}},"line":144},"17":{"name":"deleteForever","decl":{"start":{"line":152,"column":16},"end":{"line":152,"column":29}},"loc":{"start":{"line":152,"column":34},"end":{"line":165,"column":4}},"line":152},"18":{"name":"(anonymous_18)","decl":{"start":{"line":161,"column":13},"end":{"line":161,"column":14}},"loc":{"start":{"line":161,"column":23},"end":{"line":161,"column":60}},"line":161},"19":{"name":"(anonymous_19)","decl":{"start":{"line":161,"column":35},"end":{"line":161,"column":36}},"loc":{"start":{"line":161,"column":45},"end":{"line":161,"column":59}},"line":161},"20":{"name":"moveToTrash","decl":{"start":{"line":167,"column":17},"end":{"line":167,"column":28}},"loc":{"start":{"line":167,"column":33},"end":{"line":184,"column":3}},"line":167},"21":{"name":"(anonymous_21)","decl":{"start":{"line":177,"column":15},"end":{"line":177,"column":16}},"loc":{"start":{"line":178,"column":8},"end":{"line":178,"column":63}},"line":178},"22":{"name":"(anonymous_22)","decl":{"start":{"line":178,"column":17},"end":{"line":178,"column":18}},"loc":{"start":{"line":178,"column":28},"end":{"line":178,"column":61}},"line":178},"23":{"name":"handlePin","decl":{"start":{"line":187,"column":17},"end":{"line":187,"column":26}},"loc":{"start":{"line":187,"column":31},"end":{"line":206,"column":3}},"line":187},"24":{"name":"(anonymous_24)","decl":{"start":{"line":199,"column":15},"end":{"line":199,"column":16}},"loc":{"start":{"line":200,"column":8},"end":{"line":200,"column":63}},"line":200},"25":{"name":"(anonymous_25)","decl":{"start":{"line":200,"column":17},"end":{"line":200,"column":18}},"loc":{"start":{"line":200,"column":28},"end":{"line":200,"column":61}},"line":200},"26":{"name":"importNotes","decl":{"start":{"line":209,"column":17},"end":{"line":209,"column":28}},"loc":{"start":{"line":209,"column":44},"end":{"line":224,"column":1}},"line":209},"27":{"name":"exportNote","decl":{"start":{"line":227,"column":9},"end":{"line":227,"column":19}},"loc":{"start":{"line":227,"column":26},"end":{"line":265,"column":1}},"line":227},"28":{"name":"exportAllNotes","decl":{"start":{"line":267,"column":15},"end":{"line":267,"column":29}},"loc":{"start":{"line":267,"column":32},"end":{"line":349,"column":1}},"line":267},"29":{"name":"(anonymous_29)","decl":{"start":{"line":268,"column":35},"end":{"line":268,"column":36}},"loc":{"start":{"line":268,"column":45},"end":{"line":268,"column":60}},"line":268},"30":{"name":"(anonymous_30)","decl":{"start":{"line":336,"column":39},"end":{"line":336,"column":40}},"loc":{"start":{"line":336,"column":45},"end":{"line":339,"column":1}},"line":336},"31":{"name":"(anonymous_31)","decl":{"start":{"line":344,"column":39},"end":{"line":344,"column":40}},"loc":{"start":{"line":344,"column":45},"end":{"line":347,"column":1}},"line":344},"32":{"name":"useNotes","decl":{"start":{"line":378,"column":16},"end":{"line":378,"column":24}},"loc":{"start":{"line":378,"column":27},"end":{"line":380,"column":1}},"line":378}},"branchMap":{"0":{"loc":{"start":{"line":25,"column":4},"end":{"line":27,"column":5}},"type":"if","locations":[{"start":{"line":25,"column":4},"end":{"line":27,"column":5}},{"start":{},"end":{}}],"line":25},"1":{"loc":{"start":{"line":42,"column":4},"end":{"line":44,"column":5}},"type":"if","locations":[{"start":{"line":42,"column":4},"end":{"line":44,"column":5}},{"start":{},"end":{}}],"line":42},"2":{"loc":{"start":{"line":43,"column":22},"end":{"line":43,"column":61}},"type":"binary-expr","locations":[{"start":{"line":43,"column":22},"end":{"line":43,"column":34}},{"start":{"line":43,"column":38},"end":{"line":43,"column":61}}],"line":43},"3":{"loc":{"start":{"line":51,"column":20},"end":{"line":51,"column":60}},"type":"binary-expr","locations":[{"start":{"line":51,"column":20},"end":{"line":51,"column":33}},{"start":{"line":51,"column":37},"end":{"line":51,"column":60}}],"line":51},"4":{"loc":{"start":{"line":69,"column":3},"end":{"line":73,"column":1}},"type":"if","locations":[{"start":{"line":69,"column":3},"end":{"line":73,"column":1}},{"start":{},"end":{}}],"line":69},"5":{"loc":{"start":{"line":70,"column":26},"end":{"line":70,"column":72}},"type":"binary-expr","locations":[{"start":{"line":70,"column":26},"end":{"line":70,"column":38}},{"start":{"line":70,"column":42},"end":{"line":70,"column":72}}],"line":70},"6":{"loc":{"start":{"line":77,"column":26},"end":{"line":77,"column":59}},"type":"cond-expr","locations":[{"start":{"line":77,"column":43},"end":{"line":77,"column":52}},{"start":{"line":77,"column":55},"end":{"line":77,"column":59}}],"line":77},"7":{"loc":{"start":{"line":84,"column":18},"end":{"line":84,"column":64}},"type":"binary-expr","locations":[{"start":{"line":84,"column":18},"end":{"line":84,"column":31}},{"start":{"line":84,"column":35},"end":{"line":84,"column":64}}],"line":84},"8":{"loc":{"start":{"line":96,"column":4},"end":{"line":98,"column":5}},"type":"if","locations":[{"start":{"line":96,"column":4},"end":{"line":98,"column":5}},{"start":{},"end":{}}],"line":96},"9":{"loc":{"start":{"line":97,"column":22},"end":{"line":97,"column":68}},"type":"binary-expr","locations":[{"start":{"line":97,"column":22},"end":{"line":97,"column":34}},{"start":{"line":97,"column":38},"end":{"line":97,"column":68}}],"line":97},"10":{"loc":{"start":{"line":100,"column":4},"end":{"line":102,"column":5}},"type":"if","locations":[{"start":{"line":100,"column":4},"end":{"line":102,"column":5}},{"start":{},"end":{}}],"line":100},"11":{"loc":{"start":{"line":106,"column":18},"end":{"line":106,"column":65}},"type":"binary-expr","locations":[{"start":{"line":106,"column":18},"end":{"line":106,"column":31}},{"start":{"line":106,"column":35},"end":{"line":106,"column":65}}],"line":106},"12":{"loc":{"start":{"line":117,"column":4},"end":{"line":119,"column":5}},"type":"if","locations":[{"start":{"line":117,"column":4},"end":{"line":119,"column":5}},{"start":{},"end":{}}],"line":117},"13":{"loc":{"start":{"line":118,"column":22},"end":{"line":118,"column":60}},"type":"binary-expr","locations":[{"start":{"line":118,"column":22},"end":{"line":118,"column":34}},{"start":{"line":118,"column":38},"end":{"line":118,"column":60}}],"line":118},"14":{"loc":{"start":{"line":122,"column":26},"end":{"line":122,"column":59}},"type":"cond-expr","locations":[{"start":{"line":122,"column":43},"end":{"line":122,"column":52}},{"start":{"line":122,"column":55},"end":{"line":122,"column":59}}],"line":122},"15":{"loc":{"start":{"line":129,"column":18},"end":{"line":129,"column":57}},"type":"binary-expr","locations":[{"start":{"line":129,"column":18},"end":{"line":129,"column":31}},{"start":{"line":129,"column":35},"end":{"line":129,"column":57}}],"line":129},"16":{"loc":{"start":{"line":140,"column":4},"end":{"line":142,"column":5}},"type":"if","locations":[{"start":{"line":140,"column":4},"end":{"line":142,"column":5}},{"start":{},"end":{}}],"line":140},"17":{"loc":{"start":{"line":141,"column":22},"end":{"line":141,"column":62}},"type":"binary-expr","locations":[{"start":{"line":141,"column":22},"end":{"line":141,"column":34}},{"start":{"line":141,"column":38},"end":{"line":141,"column":62}}],"line":141},"18":{"loc":{"start":{"line":144,"column":26},"end":{"line":144,"column":59}},"type":"cond-expr","locations":[{"start":{"line":144,"column":43},"end":{"line":144,"column":52}},{"start":{"line":144,"column":55},"end":{"line":144,"column":59}}],"line":144},"19":{"loc":{"start":{"line":148,"column":21},"end":{"line":148,"column":62}},"type":"binary-expr","locations":[{"start":{"line":148,"column":21},"end":{"line":148,"column":34}},{"start":{"line":148,"column":38},"end":{"line":148,"column":62}}],"line":148},"20":{"loc":{"start":{"line":158,"column":4},"end":{"line":160,"column":5}},"type":"if","locations":[{"start":{"line":158,"column":4},"end":{"line":160,"column":5}},{"start":{},"end":{}}],"line":158},"21":{"loc":{"start":{"line":159,"column":22},"end":{"line":159,"column":73}},"type":"binary-expr","locations":[{"start":{"line":159,"column":22},"end":{"line":159,"column":34}},{"start":{"line":159,"column":38},"end":{"line":159,"column":73}}],"line":159},"22":{"loc":{"start":{"line":164,"column":21},"end":{"line":164,"column":61}},"type":"binary-expr","locations":[{"start":{"line":164,"column":21},"end":{"line":164,"column":34}},{"start":{"line":164,"column":38},"end":{"line":164,"column":61}}],"line":164},"23":{"loc":{"start":{"line":174,"column":6},"end":{"line":176,"column":7}},"type":"if","locations":[{"start":{"line":174,"column":6},"end":{"line":176,"column":7}},{"start":{},"end":{}}],"line":174},"24":{"loc":{"start":{"line":175,"column":24},"end":{"line":175,"column":77}},"type":"binary-expr","locations":[{"start":{"line":175,"column":24},"end":{"line":175,"column":36}},{"start":{"line":175,"column":40},"end":{"line":175,"column":77}}],"line":175},"25":{"loc":{"start":{"line":178,"column":28},"end":{"line":178,"column":61}},"type":"cond-expr","locations":[{"start":{"line":178,"column":45},"end":{"line":178,"column":54}},{"start":{"line":178,"column":57},"end":{"line":178,"column":61}}],"line":178},"26":{"loc":{"start":{"line":182,"column":23},"end":{"line":182,"column":70}},"type":"binary-expr","locations":[{"start":{"line":182,"column":23},"end":{"line":182,"column":36}},{"start":{"line":182,"column":40},"end":{"line":182,"column":70}}],"line":182},"27":{"loc":{"start":{"line":193,"column":6},"end":{"line":197,"column":7}},"type":"if","locations":[{"start":{"line":193,"column":6},"end":{"line":197,"column":7}},{"start":{},"end":{}}],"line":193},"28":{"loc":{"start":{"line":195,"column":10},"end":{"line":195,"column":60}},"type":"binary-expr","locations":[{"start":{"line":195,"column":10},"end":{"line":195,"column":22}},{"start":{"line":195,"column":26},"end":{"line":195,"column":60}}],"line":195},"29":{"loc":{"start":{"line":200,"column":28},"end":{"line":200,"column":61}},"type":"cond-expr","locations":[{"start":{"line":200,"column":45},"end":{"line":200,"column":54}},{"start":{"line":200,"column":57},"end":{"line":200,"column":61}}],"line":200},"30":{"loc":{"start":{"line":204,"column":23},"end":{"line":204,"column":70}},"type":"binary-expr","locations":[{"start":{"line":204,"column":23},"end":{"line":204,"column":36}},{"start":{"line":204,"column":40},"end":{"line":204,"column":70}}],"line":204},"31":{"loc":{"start":{"line":229,"column":18},"end":{"line":229,"column":42}},"type":"binary-expr","locations":[{"start":{"line":229,"column":18},"end":{"line":229,"column":28}},{"start":{"line":229,"column":32},"end":{"line":229,"column":42}}],"line":229},"32":{"loc":{"start":{"line":230,"column":20},"end":{"line":230,"column":38}},"type":"binary-expr","locations":[{"start":{"line":230,"column":20},"end":{"line":230,"column":32}},{"start":{"line":230,"column":36},"end":{"line":230,"column":38}}],"line":230},"33":{"loc":{"start":{"line":270,"column":2},"end":{"line":272,"column":3}},"type":"if","locations":[{"start":{"line":270,"column":2},"end":{"line":272,"column":3}},{"start":{},"end":{}}],"line":270},"34":{"loc":{"start":{"line":284,"column":20},"end":{"line":284,"column":44}},"type":"binary-expr","locations":[{"start":{"line":284,"column":20},"end":{"line":284,"column":30}},{"start":{"line":284,"column":34},"end":{"line":284,"column":44}}],"line":284},"35":{"loc":{"start":{"line":285,"column":22},"end":{"line":285,"column":40}},"type":"binary-expr","locations":[{"start":{"line":285,"column":22},"end":{"line":285,"column":34}},{"start":{"line":285,"column":38},"end":{"line":285,"column":40}}],"line":285}},"s":{"0":1,"1":73,"2":73,"3":73,"4":73,"5":73,"6":73,"7":73,"8":73,"9":27,"10":1,"11":73,"12":27,"13":27,"14":6,"15":4,"16":4,"17":4,"18":4,"19":4,"20":1,"21":3,"22":3,"23":3,"24":3,"25":1,"26":1,"27":2,"28":2,"29":2,"30":2,"31":1,"32":1,"33":1,"34":1,"35":1,"36":1,"37":1,"38":1,"39":1,"40":1,"41":28,"42":28,"43":28,"44":28,"45":28,"46":1,"47":27,"48":0,"49":27,"50":27,"51":1,"52":1,"53":0,"54":0,"55":0,"56":0,"57":0,"58":0,"59":0,"60":0,"61":0,"62":0,"63":0,"64":0,"65":2,"66":2,"67":2,"68":2,"69":1,"70":1,"71":1,"72":1,"73":1,"74":1,"75":2,"76":2,"77":2,"78":2,"79":1,"80":1,"81":1,"82":2,"83":1,"84":1,"85":2,"86":2,"87":2,"88":2,"89":2,"90":1,"91":1,"92":1,"93":1,"94":1,"95":1,"96":2,"97":2,"98":2,"99":2,"100":1,"101":1,"102":1,"103":1,"104":1,"105":1,"106":1,"107":1,"108":1,"109":2,"110":2,"111":1,"112":0,"113":0,"114":2,"115":2,"116":2,"117":2,"118":2,"119":2,"120":2,"121":2,"122":2,"123":2,"124":2,"125":2,"126":2,"127":2,"128":0,"129":7,"130":10,"131":7,"132":1,"133":6,"134":6,"135":6,"136":6,"137":6,"138":6,"139":6,"140":8,"141":8,"142":8,"143":8,"144":8,"145":8,"146":8,"147":8,"148":1,"149":1,"150":8,"151":8,"152":8,"153":6,"154":5,"155":5,"156":5,"157":5,"158":5,"159":5,"160":5,"161":5,"162":5,"163":5,"164":1,"165":1,"166":1,"167":1,"168":1,"169":0,"170":0,"171":73,"172":72},"f":{"0":73,"1":27,"2":1,"3":27,"4":27,"5":4,"6":3,"7":2,"8":1,"9":1,"10":28,"11":0,"12":0,"13":0,"14":2,"15":1,"16":1,"17":2,"18":1,"19":2,"20":2,"21":1,"22":1,"23":2,"24":1,"25":1,"26":1,"27":2,"28":7,"29":10,"30":1,"31":0,"32":72},"b":{"0":[6,21],"1":[1,3],"2":[1,0],"3":[1,0],"4":[1,1],"5":[1,0],"6":[1,0],"7":[1,0],"8":[1,27],"9":[1,0],"10":[0,27],"11":[1,0],"12":[0,0],"13":[0,0],"14":[0,0],"15":[0,0],"16":[1,1],"17":[1,0],"18":[1,0],"19":[1,0],"20":[1,1],"21":[1,0],"22":[1,0],"23":[1,1],"24":[1,0],"25":[1,0],"26":[1,0],"27":[1,1],"28":[1,0],"29":[1,0],"30":[1,0],"31":[2,1],"32":[2,0],"33":[1,6],"34":[8,0],"35":[8,0]},"_coverageSchema":"1a1c01bbd47fc00a2c39e90264f33305004495a9","hash":"05dd6fb69e9c030f0461cb407a5c1651d2a7cdb8"}
,"D:\\projects\\react-projects\\cohort-9-mern-16178-hiba\\frontend\\src\\context\\ProfileContext.jsx": {"path":"D:\\projects\\react-projects\\cohort-9-mern-16178-hiba\\frontend\\src\\context\\ProfileContext.jsx","statementMap":{"0":{"start":{"line":3,"column":23},"end":{"line":3,"column":38}},"1":{"start":{"line":6,"column":32},"end":{"line":6,"column":46}},"2":{"start":{"line":7,"column":32},"end":{"line":7,"column":46}},"3":{"start":{"line":8,"column":42},"end":{"line":8,"column":56}},"4":{"start":{"line":9,"column":2},"end":{"line":11,"column":9}},"5":{"start":{"line":10,"column":4},"end":{"line":10,"column":31}},"6":{"start":{"line":13,"column":21},"end":{"line":38,"column":3}},"7":{"start":{"line":14,"column":4},"end":{"line":14,"column":21}},"8":{"start":{"line":15,"column":2},"end":{"line":15,"column":24}},"9":{"start":{"line":16,"column":4},"end":{"line":37,"column":5}},"10":{"start":{"line":17,"column":23},"end":{"line":17,"column":53}},"11":{"start":{"line":19,"column":19},"end":{"line":19,"column":56}},"12":{"start":{"line":19,"column":51},"end":{"line":19,"column":55}},"13":{"start":{"line":20,"column":6},"end":{"line":22,"column":7}},"14":{"start":{"line":21,"column":8},"end":{"line":21,"column":75}},"15":{"start":{"line":24,"column":0},"end":{"line":26,"column":1}},"16":{"start":{"line":25,"column":2},"end":{"line":25,"column":52}},"17":{"start":{"line":28,"column":6},"end":{"line":28,"column":23}},"18":{"start":{"line":30,"column":6},"end":{"line":30,"column":55}},"19":{"start":{"line":31,"column":7},"end":{"line":31,"column":24}},"20":{"start":{"line":32,"column":4},"end":{"line":34,"column":6}},"21":{"start":{"line":36,"column":6},"end":{"line":36,"column":24}},"22":{"start":{"line":39,"column":26},"end":{"line":58,"column":3}},"23":{"start":{"line":40,"column":6},"end":{"line":57,"column":3}},"24":{"start":{"line":41,"column":21},"end":{"line":44,"column":6}},"25":{"start":{"line":46,"column":17},"end":{"line":46,"column":54}},"26":{"start":{"line":46,"column":49},"end":{"line":46,"column":53}},"27":{"start":{"line":47,"column":4},"end":{"line":49,"column":5}},"28":{"start":{"line":48,"column":6},"end":{"line":48,"column":74}},"29":{"start":{"line":50,"column":0},"end":{"line":52,"column":1}},"30":{"start":{"line":51,"column":2},"end":{"line":51,"column":53}},"31":{"start":{"line":53,"column":4},"end":{"line":53,"column":21}},"32":{"start":{"line":54,"column":4},"end":{"line":54,"column":16}},"33":{"start":{"line":56,"column":4},"end":{"line":56,"column":77}},"34":{"start":{"line":60,"column":20},"end":{"line":69,"column":1}},"35":{"start":{"line":62,"column":2},"end":{"line":68,"column":19}},"36":{"start":{"line":65,"column":19},"end":{"line":65,"column":26}},"37":{"start":{"line":72,"column":2},"end":{"line":85,"column":4}},"38":{"start":{"line":89,"column":2},"end":{"line":89,"column":36}}},"fnMap":{"0":{"name":"ProfileProvider","decl":{"start":{"line":5,"column":16},"end":{"line":5,"column":31}},"loc":{"start":{"line":5,"column":46},"end":{"line":86,"column":1}},"line":5},"1":{"name":"(anonymous_1)","decl":{"start":{"line":9,"column":12},"end":{"line":9,"column":13}},"loc":{"start":{"line":9,"column":18},"end":{"line":11,"column":3}},"line":9},"2":{"name":"(anonymous_2)","decl":{"start":{"line":10,"column":23},"end":{"line":10,"column":24}},"loc":{"start":{"line":10,"column":27},"end":{"line":10,"column":29}},"line":10},"3":{"name":"(anonymous_3)","decl":{"start":{"line":13,"column":21},"end":{"line":13,"column":22}},"loc":{"start":{"line":13,"column":33},"end":{"line":38,"column":3}},"line":13},"4":{"name":"(anonymous_4)","decl":{"start":{"line":19,"column":47},"end":{"line":19,"column":48}},"loc":{"start":{"line":19,"column":51},"end":{"line":19,"column":55}},"line":19},"5":{"name":"(anonymous_5)","decl":{"start":{"line":39,"column":26},"end":{"line":39,"column":27}},"loc":{"start":{"line":39,"column":49},"end":{"line":58,"column":3}},"line":39},"6":{"name":"(anonymous_6)","decl":{"start":{"line":46,"column":45},"end":{"line":46,"column":46}},"loc":{"start":{"line":46,"column":49},"end":{"line":46,"column":53}},"line":46},"7":{"name":"(anonymous_7)","decl":{"start":{"line":60,"column":20},"end":{"line":60,"column":21}},"loc":{"start":{"line":60,"column":39},"end":{"line":69,"column":1}},"line":60},"8":{"name":"(anonymous_8)","decl":{"start":{"line":65,"column":9},"end":{"line":65,"column":10}},"loc":{"start":{"line":65,"column":19},"end":{"line":65,"column":26}},"line":65},"9":{"name":"useProfile","decl":{"start":{"line":88,"column":16},"end":{"line":88,"column":26}},"loc":{"start":{"line":88,"column":29},"end":{"line":90,"column":1}},"line":88}},"branchMap":{"0":{"loc":{"start":{"line":20,"column":6},"end":{"line":22,"column":7}},"type":"if","locations":[{"start":{"line":20,"column":6},"end":{"line":22,"column":7}},{"start":{},"end":{}}],"line":20},"1":{"loc":{"start":{"line":21,"column":24},"end":{"line":21,"column":73}},"type":"binary-expr","locations":[{"start":{"line":21,"column":24},"end":{"line":21,"column":37}},{"start":{"line":21,"column":41},"end":{"line":21,"column":73}}],"line":21},"2":{"loc":{"start":{"line":24,"column":0},"end":{"line":26,"column":1}},"type":"if","locations":[{"start":{"line":24,"column":0},"end":{"line":26,"column":1}},{"start":{},"end":{}}],"line":24},"3":{"loc":{"start":{"line":33,"column":6},"end":{"line":33,"column":70}},"type":"binary-expr","locations":[{"start":{"line":33,"column":6},"end":{"line":33,"column":19}},{"start":{"line":33,"column":23},"end":{"line":33,"column":70}}],"line":33},"4":{"loc":{"start":{"line":47,"column":4},"end":{"line":49,"column":5}},"type":"if","locations":[{"start":{"line":47,"column":4},"end":{"line":49,"column":5}},{"start":{},"end":{}}],"line":47},"5":{"loc":{"start":{"line":48,"column":22},"end":{"line":48,"column":72}},"type":"binary-expr","locations":[{"start":{"line":48,"column":22},"end":{"line":48,"column":35}},{"start":{"line":48,"column":39},"end":{"line":48,"column":72}}],"line":48},"6":{"loc":{"start":{"line":50,"column":0},"end":{"line":52,"column":1}},"type":"if","locations":[{"start":{"line":50,"column":0},"end":{"line":52,"column":1}},{"start":{},"end":{}}],"line":50},"7":{"loc":{"start":{"line":56,"column":20},"end":{"line":56,"column":76}},"type":"binary-expr","locations":[{"start":{"line":56,"column":20},"end":{"line":56,"column":33}},{"start":{"line":56,"column":37},"end":{"line":56,"column":76}}],"line":56},"8":{"loc":{"start":{"line":60,"column":21},"end":{"line":60,"column":34}},"type":"default-arg","locations":[{"start":{"line":60,"column":32},"end":{"line":60,"column":34}}],"line":60}},"s":{"0":1,"1":45,"2":45,"3":45,"4":45,"5":24,"6":45,"7":27,"8":27,"9":27,"10":27,"11":27,"12":1,"13":27,"14":5,"15":22,"16":2,"17":20,"18":7,"19":7,"20":7,"21":27,"22":45,"23":5,"24":5,"25":5,"26":1,"27":5,"28":1,"29":4,"30":2,"31":2,"32":2,"33":3,"34":45,"35":181,"36":326,"37":45,"38":45},"f":{"0":45,"1":24,"2":0,"3":27,"4":1,"5":5,"6":1,"7":181,"8":326,"9":45},"b":{"0":[5,22],"1":[5,1],"2":[2,20],"3":[7,0],"4":[1,4],"5":[1,0],"6":[2,2],"7":[3,0],"8":[36]},"_coverageSchema":"1a1c01bbd47fc00a2c39e90264f33305004495a9","hash":"8013fbf4e847054d0eaeb05bee0e90924d93f580"}
,"D:\\projects\\react-projects\\cohort-9-mern-16178-hiba\\frontend\\src\\context\\ThemeContext.jsx": {"path":"D:\\projects\\react-projects\\cohort-9-mern-16178-hiba\\frontend\\src\\context\\ThemeContext.jsx","statementMap":{"0":{"start":{"line":2,"column":21},"end":{"line":2,"column":36}},"1":{"start":{"line":4,"column":28},"end":{"line":6,"column":4}},"2":{"start":{"line":5,"column":4},"end":{"line":5,"column":52}},"3":{"start":{"line":8,"column":40},"end":{"line":10,"column":4}},"4":{"start":{"line":9,"column":4},"end":{"line":9,"column":59}},"5":{"start":{"line":12,"column":4},"end":{"line":20,"column":26}},"6":{"start":{"line":13,"column":17},"end":{"line":13,"column":41}},"7":{"start":{"line":14,"column":1},"end":{"line":14,"column":49}},"8":{"start":{"line":15,"column":4},"end":{"line":15,"column":50}},"9":{"start":{"line":18,"column":0},"end":{"line":18,"column":37}},"10":{"start":{"line":19,"column":4},"end":{"line":19,"column":53}},"11":{"start":{"line":22,"column":22},"end":{"line":26,"column":3}},"12":{"start":{"line":23,"column":4},"end":{"line":25,"column":6}},"13":{"start":{"line":24,"column":6},"end":{"line":24,"column":49}},"14":{"start":{"line":27,"column":1},"end":{"line":32,"column":4}},"15":{"start":{"line":35,"column":2},"end":{"line":35,"column":34}}},"fnMap":{"0":{"name":"ThemeProvider","decl":{"start":{"line":3,"column":16},"end":{"line":3,"column":29}},"loc":{"start":{"line":3,"column":44},"end":{"line":33,"column":1}},"line":3},"1":{"name":"(anonymous_1)","decl":{"start":{"line":4,"column":37},"end":{"line":4,"column":38}},"loc":{"start":{"line":4,"column":43},"end":{"line":6,"column":3}},"line":4},"2":{"name":"(anonymous_2)","decl":{"start":{"line":8,"column":49},"end":{"line":8,"column":50}},"loc":{"start":{"line":8,"column":55},"end":{"line":10,"column":3}},"line":8},"3":{"name":"(anonymous_3)","decl":{"start":{"line":12,"column":14},"end":{"line":12,"column":15}},"loc":{"start":{"line":12,"column":20},"end":{"line":20,"column":3}},"line":12},"4":{"name":"(anonymous_4)","decl":{"start":{"line":22,"column":22},"end":{"line":22,"column":23}},"loc":{"start":{"line":22,"column":28},"end":{"line":26,"column":3}},"line":22},"5":{"name":"(anonymous_5)","decl":{"start":{"line":23,"column":13},"end":{"line":23,"column":14}},"loc":{"start":{"line":24,"column":6},"end":{"line":24,"column":49}},"line":24},"6":{"name":"useTheme","decl":{"start":{"line":34,"column":16},"end":{"line":34,"column":24}},"loc":{"start":{"line":34,"column":27},"end":{"line":36,"column":1}},"line":34}},"branchMap":{"0":{"loc":{"start":{"line":5,"column":11},"end":{"line":5,"column":51}},"type":"binary-expr","locations":[{"start":{"line":5,"column":11},"end":{"line":5,"column":40}},{"start":{"line":5,"column":44},"end":{"line":5,"column":51}}],"line":5},"1":{"loc":{"start":{"line":9,"column":11},"end":{"line":9,"column":58}},"type":"binary-expr","locations":[{"start":{"line":9,"column":11},"end":{"line":9,"column":46}},{"start":{"line":9,"column":50},"end":{"line":9,"column":58}}],"line":9},"2":{"loc":{"start":{"line":24,"column":6},"end":{"line":24,"column":49}},"type":"cond-expr","locations":[{"start":{"line":24,"column":33},"end":{"line":24,"column":39}},{"start":{"line":24,"column":42},"end":{"line":24,"column":49}}],"line":24}},"s":{"0":1,"1":38,"2":23,"3":38,"4":23,"5":38,"6":38,"7":38,"8":38,"9":38,"10":38,"11":38,"12":5,"13":5,"14":38,"15":38},"f":{"0":38,"1":23,"2":23,"3":38,"4":5,"5":5,"6":38},"b":{"0":[23,14],"1":[23,18],"2":[3,2]},"_coverageSchema":"1a1c01bbd47fc00a2c39e90264f33305004495a9","hash":"346e7b7fa26093ca2c1a0d1d1584a7d3cd11a565"}
,"D:\\projects\\react-projects\\cohort-9-mern-16178-hiba\\frontend\\src\\icons\\icons.jsx": {"path":"D:\\projects\\react-projects\\cohort-9-mern-16178-hiba\\frontend\\src\\icons\\icons.jsx","statementMap":{},"fnMap":{},"branchMap":{},"s":{},"f":{},"b":{},"_coverageSchema":"1a1c01bbd47fc00a2c39e90264f33305004495a9","hash":"a134498e59fb6fefad85f8835619c54cd9754c0f"}
,"D:\\projects\\react-projects\\cohort-9-mern-16178-hiba\\frontend\\src\\icons\\leaflet_logo.jsx": {"path":"D:\\projects\\react-projects\\cohort-9-mern-16178-hiba\\frontend\\src\\icons\\leaflet_logo.jsx","statementMap":{"0":{"start":{"line":3,"column":2},"end":{"line":10,"column":3}}},"fnMap":{"0":{"name":"LeafletLogo","decl":{"start":{"line":2,"column":9},"end":{"line":2,"column":20}},"loc":{"start":{"line":2,"column":34},"end":{"line":11,"column":1}},"line":2}},"branchMap":{},"s":{"0":72},"f":{"0":72},"b":{},"_coverageSchema":"1a1c01bbd47fc00a2c39e90264f33305004495a9","hash":"008576e40f619c2b33d5180fc67c62a0a8eec05c"}
,"D:\\projects\\react-projects\\cohort-9-mern-16178-hiba\\frontend\\src\\pages\\Auth\\ForgotPassword.jsx": {"path":"D:\\projects\\react-projects\\cohort-9-mern-16178-hiba\\frontend\\src\\pages\\Auth\\ForgotPassword.jsx","statementMap":{"0":{"start":{"line":9,"column":36},"end":{"line":9,"column":51}},"1":{"start":{"line":10,"column":28},"end":{"line":10,"column":40}},"2":{"start":{"line":11,"column":36},"end":{"line":11,"column":51}},"3":{"start":{"line":12,"column":42},"end":{"line":12,"column":57}},"4":{"start":{"line":13,"column":46},"end":{"line":13,"column":57}},"5":{"start":{"line":14,"column":30},"end":{"line":14,"column":42}},"6":{"start":{"line":16,"column":27},"end":{"line":16,"column":39}},"7":{"start":{"line":18,"column":25},"end":{"line":18,"column":43}},"8":{"start":{"line":20,"column":2},"end":{"line":24,"column":18}},"9":{"start":{"line":21,"column":4},"end":{"line":23,"column":5}},"10":{"start":{"line":22,"column":6},"end":{"line":22,"column":40}},"11":{"start":{"line":26,"column":2},"end":{"line":43,"column":23}},"12":{"start":{"line":27,"column":4},"end":{"line":29,"column":5}},"13":{"start":{"line":28,"column":6},"end":{"line":28,"column":13}},"14":{"start":{"line":31,"column":18},"end":{"line":40,"column":12}},"15":{"start":{"line":32,"column":6},"end":{"line":39,"column":9}},"16":{"start":{"line":33,"column":8},"end":{"line":36,"column":9}},"17":{"start":{"line":34,"column":10},"end":{"line":34,"column":31}},"18":{"start":{"line":35,"column":10},"end":{"line":35,"column":19}},"19":{"start":{"line":38,"column":8},"end":{"line":38,"column":24}},"20":{"start":{"line":42,"column":4},"end":{"line":42,"column":38}},"21":{"start":{"line":42,"column":17},"end":{"line":42,"column":37}},"22":{"start":{"line":46,"column":23},"end":{"line":46,"column":51}},"23":{"start":{"line":47,"column":22},"end":{"line":47,"column":24}},"24":{"start":{"line":49,"column":4},"end":{"line":53,"column":5}},"25":{"start":{"line":50,"column":6},"end":{"line":50,"column":51}},"26":{"start":{"line":51,"column":11},"end":{"line":53,"column":5}},"27":{"start":{"line":52,"column":6},"end":{"line":52,"column":53}},"28":{"start":{"line":55,"column":4},"end":{"line":55,"column":21}},"29":{"start":{"line":59,"column":4},"end":{"line":74,"column":5}},"30":{"start":{"line":60,"column":23},"end":{"line":65,"column":8}},"31":{"start":{"line":67,"column":19},"end":{"line":67,"column":58}},"32":{"start":{"line":67,"column":54},"end":{"line":67,"column":56}},"33":{"start":{"line":69,"column":6},"end":{"line":69,"column":32}},"34":{"start":{"line":71,"column":6},"end":{"line":73,"column":9}},"35":{"start":{"line":78,"column":4},"end":{"line":78,"column":23}},"36":{"start":{"line":80,"column":24},"end":{"line":80,"column":38}},"37":{"start":{"line":82,"column":4},"end":{"line":85,"column":5}},"38":{"start":{"line":83,"column":6},"end":{"line":83,"column":29}},"39":{"start":{"line":84,"column":6},"end":{"line":84,"column":13}},"40":{"start":{"line":87,"column":4},"end":{"line":87,"column":18}},"41":{"start":{"line":88,"column":4},"end":{"line":88,"column":26}},"42":{"start":{"line":90,"column":4},"end":{"line":117,"column":5}},"43":{"start":{"line":91,"column":33},"end":{"line":91,"column":55}},"44":{"start":{"line":93,"column":6},"end":{"line":105,"column":7}},"45":{"start":{"line":94,"column":8},"end":{"line":102,"column":9}},"46":{"start":{"line":95,"column":10},"end":{"line":97,"column":13}},"47":{"start":{"line":99,"column":10},"end":{"line":101,"column":13}},"48":{"start":{"line":104,"column":8},"end":{"line":104,"column":15}},"49":{"start":{"line":107,"column":6},"end":{"line":107,"column":25}},"50":{"start":{"line":108,"column":6},"end":{"line":108,"column":28}},"51":{"start":{"line":110,"column":6},"end":{"line":110,"column":53}},"52":{"start":{"line":112,"column":6},"end":{"line":114,"column":9}},"53":{"start":{"line":116,"column":6},"end":{"line":116,"column":29}},"54":{"start":{"line":121,"column":4},"end":{"line":123,"column":5}},"55":{"start":{"line":122,"column":6},"end":{"line":122,"column":13}},"56":{"start":{"line":125,"column":4},"end":{"line":125,"column":23}},"57":{"start":{"line":126,"column":4},"end":{"line":126,"column":18}},"58":{"start":{"line":128,"column":4},"end":{"line":147,"column":5}},"59":{"start":{"line":129,"column":33},"end":{"line":129,"column":55}},"60":{"start":{"line":131,"column":6},"end":{"line":136,"column":7}},"61":{"start":{"line":132,"column":8},"end":{"line":134,"column":11}},"62":{"start":{"line":135,"column":8},"end":{"line":135,"column":15}},"63":{"start":{"line":138,"column":6},"end":{"line":138,"column":28}},"64":{"start":{"line":140,"column":6},"end":{"line":140,"column":50}},"65":{"start":{"line":142,"column":6},"end":{"line":144,"column":9}},"66":{"start":{"line":146,"column":6},"end":{"line":146,"column":26}},"67":{"start":{"line":150,"column":2},"end":{"line":336,"column":4}},"68":{"start":{"line":281,"column":20},"end":{"line":281,"column":45}},"69":{"start":{"line":283,"column":20},"end":{"line":289,"column":21}},"70":{"start":{"line":284,"column":22},"end":{"line":288,"column":26}},"71":{"start":{"line":284,"column":43},"end":{"line":288,"column":23}}},"fnMap":{"0":{"name":"ForgotPassword","decl":{"start":{"line":8,"column":9},"end":{"line":8,"column":23}},"loc":{"start":{"line":8,"column":26},"end":{"line":337,"column":1}},"line":8},"1":{"name":"(anonymous_1)","decl":{"start":{"line":20,"column":12},"end":{"line":20,"column":13}},"loc":{"start":{"line":20,"column":18},"end":{"line":24,"column":3}},"line":20},"2":{"name":"(anonymous_2)","decl":{"start":{"line":26,"column":12},"end":{"line":26,"column":13}},"loc":{"start":{"line":26,"column":18},"end":{"line":43,"column":3}},"line":26},"3":{"name":"(anonymous_3)","decl":{"start":{"line":31,"column":30},"end":{"line":31,"column":31}},"loc":{"start":{"line":31,"column":36},"end":{"line":40,"column":5}},"line":31},"4":{"name":"(anonymous_4)","decl":{"start":{"line":32,"column":24},"end":{"line":32,"column":25}},"loc":{"start":{"line":32,"column":34},"end":{"line":39,"column":7}},"line":32},"5":{"name":"(anonymous_5)","decl":{"start":{"line":42,"column":11},"end":{"line":42,"column":12}},"loc":{"start":{"line":42,"column":17},"end":{"line":42,"column":37}},"line":42},"6":{"name":"validateForm","decl":{"start":{"line":45,"column":11},"end":{"line":45,"column":23}},"loc":{"start":{"line":45,"column":26},"end":{"line":56,"column":3}},"line":45},"7":{"name":"sendResetEmail","decl":{"start":{"line":58,"column":17},"end":{"line":58,"column":31}},"loc":{"start":{"line":58,"column":34},"end":{"line":75,"column":3}},"line":58},"8":{"name":"(anonymous_8)","decl":{"start":{"line":67,"column":47},"end":{"line":67,"column":48}},"loc":{"start":{"line":67,"column":54},"end":{"line":67,"column":56}},"line":67},"9":{"name":"handleSubmit","decl":{"start":{"line":77,"column":17},"end":{"line":77,"column":29}},"loc":{"start":{"line":77,"column":33},"end":{"line":118,"column":3}},"line":77},"10":{"name":"handleResend","decl":{"start":{"line":120,"column":17},"end":{"line":120,"column":29}},"loc":{"start":{"line":120,"column":32},"end":{"line":148,"column":3}},"line":120},"11":{"name":"(anonymous_11)","decl":{"start":{"line":280,"column":28},"end":{"line":280,"column":29}},"loc":{"start":{"line":280,"column":35},"end":{"line":290,"column":19}},"line":280},"12":{"name":"(anonymous_12)","decl":{"start":{"line":284,"column":32},"end":{"line":284,"column":33}},"loc":{"start":{"line":284,"column":43},"end":{"line":288,"column":23}},"line":284}},"branchMap":{"0":{"loc":{"start":{"line":21,"column":4},"end":{"line":23,"column":5}},"type":"if","locations":[{"start":{"line":21,"column":4},"end":{"line":23,"column":5}},{"start":{},"end":{}}],"line":21},"1":{"loc":{"start":{"line":27,"column":4},"end":{"line":29,"column":5}},"type":"if","locations":[{"start":{"line":27,"column":4},"end":{"line":29,"column":5}},{"start":{},"end":{}}],"line":27},"2":{"loc":{"start":{"line":33,"column":8},"end":{"line":36,"column":9}},"type":"if","locations":[{"start":{"line":33,"column":8},"end":{"line":36,"column":9}},{"start":{},"end":{}}],"line":33},"3":{"loc":{"start":{"line":49,"column":4},"end":{"line":53,"column":5}},"type":"if","locations":[{"start":{"line":49,"column":4},"end":{"line":53,"column":5}},{"start":{"line":51,"column":11},"end":{"line":53,"column":5}}],"line":49},"4":{"loc":{"start":{"line":51,"column":11},"end":{"line":53,"column":5}},"type":"if","locations":[{"start":{"line":51,"column":11},"end":{"line":53,"column":5}},{"start":{},"end":{}}],"line":51},"5":{"loc":{"start":{"line":82,"column":4},"end":{"line":85,"column":5}},"type":"if","locations":[{"start":{"line":82,"column":4},"end":{"line":85,"column":5}},{"start":{},"end":{}}],"line":82},"6":{"loc":{"start":{"line":93,"column":6},"end":{"line":105,"column":7}},"type":"if","locations":[{"start":{"line":93,"column":6},"end":{"line":105,"column":7}},{"start":{},"end":{}}],"line":93},"7":{"loc":{"start":{"line":94,"column":8},"end":{"line":102,"column":9}},"type":"if","locations":[{"start":{"line":94,"column":8},"end":{"line":102,"column":9}},{"start":{"line":98,"column":15},"end":{"line":102,"column":9}}],"line":94},"8":{"loc":{"start":{"line":121,"column":4},"end":{"line":123,"column":5}},"type":"if","locations":[{"start":{"line":121,"column":4},"end":{"line":123,"column":5}},{"start":{},"end":{}}],"line":121},"9":{"loc":{"start":{"line":121,"column":8},"end":{"line":121,"column":39}},"type":"binary-expr","locations":[{"start":{"line":121,"column":8},"end":{"line":121,"column":26}},{"start":{"line":121,"column":30},"end":{"line":121,"column":39}}],"line":121},"10":{"loc":{"start":{"line":131,"column":6},"end":{"line":136,"column":7}},"type":"if","locations":[{"start":{"line":131,"column":6},"end":{"line":136,"column":7}},{"start":{},"end":{}}],"line":131},"11":{"loc":{"start":{"line":133,"column":16},"end":{"line":133,"column":55}},"type":"binary-expr","locations":[{"start":{"line":133,"column":16},"end":{"line":133,"column":28}},{"start":{"line":133,"column":32},"end":{"line":133,"column":55}}],"line":133},"12":{"loc":{"start":{"line":161,"column":9},"end":{"line":333,"column":9}},"type":"cond-expr","locations":[{"start":{"line":162,"column":10},"end":{"line":233,"column":16}},{"start":{"line":235,"column":10},"end":{"line":332,"column":16}}],"line":161},"13":{"loc":{"start":{"line":206,"column":26},"end":{"line":206,"column":57}},"type":"binary-expr","locations":[{"start":{"line":206,"column":26},"end":{"line":206,"column":44}},{"start":{"line":206,"column":48},"end":{"line":206,"column":57}}],"line":206},"14":{"loc":{"start":{"line":208,"column":18},"end":{"line":210,"column":65}},"type":"cond-expr","locations":[{"start":{"line":209,"column":22},"end":{"line":209,"column":58}},{"start":{"line":210,"column":22},"end":{"line":210,"column":65}}],"line":208},"15":{"loc":{"start":{"line":208,"column":18},"end":{"line":208,"column":49}},"type":"binary-expr","locations":[{"start":{"line":208,"column":18},"end":{"line":208,"column":36}},{"start":{"line":208,"column":40},"end":{"line":208,"column":49}}],"line":208},"16":{"loc":{"start":{"line":213,"column":17},"end":{"line":217,"column":36}},"type":"cond-expr","locations":[{"start":{"line":214,"column":20},"end":{"line":214,"column":56}},{"start":{"line":215,"column":20},"end":{"line":217,"column":36}}],"line":213},"17":{"loc":{"start":{"line":215,"column":20},"end":{"line":217,"column":36}},"type":"cond-expr","locations":[{"start":{"line":216,"column":22},"end":{"line":216,"column":34}},{"start":{"line":217,"column":22},"end":{"line":217,"column":36}}],"line":215},"18":{"loc":{"start":{"line":220,"column":15},"end":{"line":222,"column":15}},"type":"binary-expr","locations":[{"start":{"line":220,"column":15},"end":{"line":220,"column":26}},{"start":{"line":221,"column":16},"end":{"line":221,"column":72}}],"line":220},"19":{"loc":{"start":{"line":283,"column":20},"end":{"line":289,"column":21}},"type":"if","locations":[{"start":{"line":283,"column":20},"end":{"line":289,"column":21}},{"start":{},"end":{}}],"line":283},"20":{"loc":{"start":{"line":283,"column":24},"end":{"line":283,"column":51}},"type":"binary-expr","locations":[{"start":{"line":283,"column":24},"end":{"line":283,"column":36}},{"start":{"line":283,"column":40},"end":{"line":283,"column":51}}],"line":283},"21":{"loc":{"start":{"line":293,"column":20},"end":{"line":295,"column":46}},"type":"cond-expr","locations":[{"start":{"line":294,"column":24},"end":{"line":294,"column":45}},{"start":{"line":295,"column":24},"end":{"line":295,"column":46}}],"line":293},"22":{"loc":{"start":{"line":299,"column":17},"end":{"line":303,"column":17}},"type":"binary-expr","locations":[{"start":{"line":299,"column":17},"end":{"line":299,"column":29}},{"start":{"line":300,"column":18},"end":{"line":302,"column":22}}],"line":299},"23":{"loc":{"start":{"line":305,"column":17},"end":{"line":309,"column":17}},"type":"binary-expr","locations":[{"start":{"line":305,"column":17},"end":{"line":305,"column":28}},{"start":{"line":306,"column":18},"end":{"line":308,"column":22}}],"line":305},"24":{"loc":{"start":{"line":317,"column":17},"end":{"line":317,"column":64}},"type":"cond-expr","locations":[{"start":{"line":317,"column":32},"end":{"line":317,"column":44}},{"start":{"line":317,"column":47},"end":{"line":317,"column":64}}],"line":317}},"s":{"0":72,"1":72,"2":72,"3":72,"4":72,"5":72,"6":72,"7":72,"8":72,"9":26,"10":9,"11":72,"12":31,"13":22,"14":9,"15":300,"16":300,"17":5,"18":5,"19":295,"20":9,"21":9,"22":15,"23":15,"24":15,"25":2,"26":13,"27":0,"28":15,"29":18,"30":18,"31":15,"32":0,"33":15,"34":3,"35":15,"36":15,"37":15,"38":2,"39":2,"40":13,"41":13,"42":13,"43":13,"44":12,"45":2,"46":1,"47":1,"48":2,"49":10,"50":10,"51":1,"52":1,"53":13,"54":5,"55":0,"56":5,"57":5,"58":5,"59":5,"60":3,"61":2,"62":2,"63":1,"64":2,"65":2,"66":5,"67":72,"68":14,"69":14,"70":1,"71":1},"f":{"0":72,"1":26,"2":31,"3":300,"4":300,"5":9,"6":15,"7":18,"8":0,"9":15,"10":5,"11":14,"12":1},"b":{"0":[9,17],"1":[22,9],"2":[5,295],"3":[2,13],"4":[0,13],"5":[2,13],"6":[2,10],"7":[1,1],"8":[0,5],"9":[5,5],"10":[2,1],"11":[2,0],"12":[23,49],"13":[23,14],"14":[14,9],"15":[23,14],"16":[9,14],"17":[5,9],"18":[23,4],"19":[1,13],"20":[14,13],"21":[3,46],"22":[49,3],"23":[49,2],"24":[13,36]},"_coverageSchema":"1a1c01bbd47fc00a2c39e90264f33305004495a9","hash":"aef07c52e4d471740ec7812fde536da73ccb46d8"}
,"D:\\projects\\react-projects\\cohort-9-mern-16178-hiba\\frontend\\src\\pages\\Auth\\LoginForm.jsx": {"path":"D:\\projects\\react-projects\\cohort-9-mern-16178-hiba\\frontend\\src\\pages\\Auth\\LoginForm.jsx","statementMap":{"0":{"start":{"line":7,"column":22},"end":{"line":7,"column":31}},"1":{"start":{"line":8,"column":42},"end":{"line":8,"column":57}},"2":{"start":{"line":9,"column":28},"end":{"line":9,"column":40}},"3":{"start":{"line":10,"column":34},"end":{"line":10,"column":46}},"4":{"start":{"line":11,"column":38},"end":{"line":11,"column":50}},"5":{"start":{"line":12,"column":30},"end":{"line":12,"column":42}},"6":{"start":{"line":13,"column":17},"end":{"line":13,"column":30}},"7":{"start":{"line":14,"column":19},"end":{"line":14,"column":32}},"8":{"start":{"line":15,"column":40},"end":{"line":15,"column":55}},"9":{"start":{"line":17,"column":23},"end":{"line":17,"column":51}},"10":{"start":{"line":18,"column":22},"end":{"line":18,"column":24}},"11":{"start":{"line":20,"column":4},"end":{"line":24,"column":5}},"12":{"start":{"line":21,"column":6},"end":{"line":21,"column":51}},"13":{"start":{"line":22,"column":11},"end":{"line":24,"column":5}},"14":{"start":{"line":23,"column":6},"end":{"line":23,"column":53}},"15":{"start":{"line":25,"column":4},"end":{"line":29,"column":5}},"16":{"start":{"line":26,"column":6},"end":{"line":26,"column":57}},"17":{"start":{"line":27,"column":11},"end":{"line":29,"column":5}},"18":{"start":{"line":28,"column":6},"end":{"line":28,"column":73}},"19":{"start":{"line":30,"column":4},"end":{"line":30,"column":21}},"20":{"start":{"line":34,"column":4},"end":{"line":34,"column":23}},"21":{"start":{"line":35,"column":6},"end":{"line":35,"column":24}},"22":{"start":{"line":36,"column":24},"end":{"line":36,"column":38}},"23":{"start":{"line":37,"column":4},"end":{"line":41,"column":5}},"24":{"start":{"line":38,"column":6},"end":{"line":38,"column":29}},"25":{"start":{"line":40,"column":6},"end":{"line":40,"column":13}},"26":{"start":{"line":42,"column":4},"end":{"line":42,"column":18}},"27":{"start":{"line":43,"column":6},"end":{"line":43,"column":28}},"28":{"start":{"line":44,"column":2},"end":{"line":66,"column":3}},"29":{"start":{"line":45,"column":16},"end":{"line":50,"column":2}},"30":{"start":{"line":52,"column":11},"end":{"line":52,"column":32}},"31":{"start":{"line":53,"column":0},"end":{"line":56,"column":1}},"32":{"start":{"line":54,"column":2},"end":{"line":54,"column":62}},"33":{"start":{"line":55,"column":2},"end":{"line":55,"column":9}},"34":{"start":{"line":57,"column":0},"end":{"line":57,"column":19}},"35":{"start":{"line":58,"column":2},"end":{"line":58,"column":49}},"36":{"start":{"line":61,"column":8},"end":{"line":63,"column":6}},"37":{"start":{"line":65,"column":3},"end":{"line":65,"column":26}},"38":{"start":{"line":70,"column":2},"end":{"line":180,"column":4}},"39":{"start":{"line":87,"column":30},"end":{"line":87,"column":55}},"40":{"start":{"line":88,"column":16},"end":{"line":88,"column":34}},"41":{"start":{"line":89,"column":18},"end":{"line":94,"column":15}},"42":{"start":{"line":90,"column":16},"end":{"line":93,"column":20}},"43":{"start":{"line":90,"column":37},"end":{"line":93,"column":17}},"44":{"start":{"line":114,"column":32},"end":{"line":114,"column":60}},"45":{"start":{"line":115,"column":18},"end":{"line":115,"column":36}},"46":{"start":{"line":116,"column":20},"end":{"line":121,"column":15}},"47":{"start":{"line":117,"column":16},"end":{"line":120,"column":20}},"48":{"start":{"line":117,"column":37},"end":{"line":120,"column":17}},"49":{"start":{"line":132,"column":16},"end":{"line":132,"column":49}},"50":{"start":{"line":132,"column":42},"end":{"line":132,"column":47}}},"fnMap":{"0":{"name":"LoginForm","decl":{"start":{"line":6,"column":9},"end":{"line":6,"column":18}},"loc":{"start":{"line":6,"column":21},"end":{"line":181,"column":1}},"line":6},"1":{"name":"validateForm","decl":{"start":{"line":16,"column":11},"end":{"line":16,"column":23}},"loc":{"start":{"line":16,"column":26},"end":{"line":31,"column":3}},"line":16},"2":{"name":"handleSubmit","decl":{"start":{"line":33,"column":16},"end":{"line":33,"column":28}},"loc":{"start":{"line":33,"column":32},"end":{"line":68,"column":3}},"line":33},"3":{"name":"(anonymous_3)","decl":{"start":{"line":87,"column":22},"end":{"line":87,"column":23}},"loc":{"start":{"line":87,"column":28},"end":{"line":95,"column":13}},"line":87},"4":{"name":"(anonymous_4)","decl":{"start":{"line":90,"column":26},"end":{"line":90,"column":27}},"loc":{"start":{"line":90,"column":37},"end":{"line":93,"column":17}},"line":90},"5":{"name":"(anonymous_5)","decl":{"start":{"line":114,"column":24},"end":{"line":114,"column":25}},"loc":{"start":{"line":114,"column":30},"end":{"line":122,"column":15}},"line":114},"6":{"name":"(anonymous_6)","decl":{"start":{"line":117,"column":26},"end":{"line":117,"column":27}},"loc":{"start":{"line":117,"column":37},"end":{"line":120,"column":17}},"line":117},"7":{"name":"(anonymous_7)","decl":{"start":{"line":131,"column":23},"end":{"line":131,"column":24}},"loc":{"start":{"line":131,"column":29},"end":{"line":133,"column":15}},"line":131},"8":{"name":"(anonymous_8)","decl":{"start":{"line":132,"column":32},"end":{"line":132,"column":33}},"loc":{"start":{"line":132,"column":42},"end":{"line":132,"column":47}},"line":132}},"branchMap":{"0":{"loc":{"start":{"line":20,"column":4},"end":{"line":24,"column":5}},"type":"if","locations":[{"start":{"line":20,"column":4},"end":{"line":24,"column":5}},{"start":{"line":22,"column":11},"end":{"line":24,"column":5}}],"line":20},"1":{"loc":{"start":{"line":22,"column":11},"end":{"line":24,"column":5}},"type":"if","locations":[{"start":{"line":22,"column":11},"end":{"line":24,"column":5}},{"start":{},"end":{}}],"line":22},"2":{"loc":{"start":{"line":25,"column":4},"end":{"line":29,"column":5}},"type":"if","locations":[{"start":{"line":25,"column":4},"end":{"line":29,"column":5}},{"start":{"line":27,"column":11},"end":{"line":29,"column":5}}],"line":25},"3":{"loc":{"start":{"line":27,"column":11},"end":{"line":29,"column":5}},"type":"if","locations":[{"start":{"line":27,"column":11},"end":{"line":29,"column":5}},{"start":{},"end":{}}],"line":27},"4":{"loc":{"start":{"line":37,"column":4},"end":{"line":41,"column":5}},"type":"if","locations":[{"start":{"line":37,"column":4},"end":{"line":41,"column":5}},{"start":{},"end":{}}],"line":37},"5":{"loc":{"start":{"line":53,"column":0},"end":{"line":56,"column":1}},"type":"if","locations":[{"start":{"line":53,"column":0},"end":{"line":56,"column":1}},{"start":{},"end":{}}],"line":53},"6":{"loc":{"start":{"line":54,"column":16},"end":{"line":54,"column":60}},"type":"binary-expr","locations":[{"start":{"line":54,"column":16},"end":{"line":54,"column":28}},{"start":{"line":54,"column":32},"end":{"line":54,"column":60}}],"line":54},"7":{"loc":{"start":{"line":58,"column":11},"end":{"line":58,"column":47}},"type":"binary-expr","locations":[{"start":{"line":58,"column":11},"end":{"line":58,"column":31}},{"start":{"line":58,"column":35},"end":{"line":58,"column":47}}],"line":58},"8":{"loc":{"start":{"line":89,"column":18},"end":{"line":94,"column":15}},"type":"if","locations":[{"start":{"line":89,"column":18},"end":{"line":94,"column":15}},{"start":{},"end":{}}],"line":89},"9":{"loc":{"start":{"line":98,"column":14},"end":{"line":98,"column":63}},"type":"cond-expr","locations":[{"start":{"line":98,"column":29},"end":{"line":98,"column":45}},{"start":{"line":98,"column":48},"end":{"line":98,"column":63}}],"line":98},"10":{"loc":{"start":{"line":101,"column":11},"end":{"line":103,"column":11}},"type":"binary-expr","locations":[{"start":{"line":101,"column":11},"end":{"line":101,"column":23}},{"start":{"line":102,"column":12},"end":{"line":102,"column":66}}],"line":101},"11":{"loc":{"start":{"line":112,"column":20},"end":{"line":112,"column":54}},"type":"cond-expr","locations":[{"start":{"line":112,"column":35},"end":{"line":112,"column":41}},{"start":{"line":112,"column":44},"end":{"line":112,"column":54}}],"line":112},"12":{"loc":{"start":{"line":116,"column":20},"end":{"line":121,"column":15}},"type":"if","locations":[{"start":{"line":116,"column":20},"end":{"line":121,"column":15}},{"start":{},"end":{}}],"line":116},"13":{"loc":{"start":{"line":125,"column":16},"end":{"line":125,"column":68}},"type":"cond-expr","locations":[{"start":{"line":125,"column":34},"end":{"line":125,"column":50}},{"start":{"line":125,"column":53},"end":{"line":125,"column":68}}],"line":125},"14":{"loc":{"start":{"line":134,"column":26},"end":{"line":134,"column":74}},"type":"cond-expr","locations":[{"start":{"line":134,"column":41},"end":{"line":134,"column":56}},{"start":{"line":134,"column":59},"end":{"line":134,"column":74}}],"line":134},"15":{"loc":{"start":{"line":137,"column":15},"end":{"line":137,"column":70}},"type":"cond-expr","locations":[{"start":{"line":137,"column":30},"end":{"line":137,"column":50}},{"start":{"line":137,"column":53},"end":{"line":137,"column":70}}],"line":137},"16":{"loc":{"start":{"line":140,"column":11},"end":{"line":142,"column":11}},"type":"binary-expr","locations":[{"start":{"line":140,"column":11},"end":{"line":140,"column":26}},{"start":{"line":141,"column":12},"end":{"line":141,"column":69}}],"line":140},"17":{"loc":{"start":{"line":154,"column":3},"end":{"line":158,"column":3}},"type":"binary-expr","locations":[{"start":{"line":154,"column":3},"end":{"line":154,"column":13}},{"start":{"line":155,"column":4},"end":{"line":157,"column":8}}],"line":154}},"s":{"0":46,"1":46,"2":46,"3":46,"4":46,"5":46,"6":46,"7":46,"8":46,"9":10,"10":10,"11":10,"12":1,"13":9,"14":1,"15":10,"16":1,"17":9,"18":1,"19":10,"20":10,"21":10,"22":10,"23":10,"24":3,"25":3,"26":7,"27":7,"28":7,"29":7,"30":5,"31":5,"32":2,"33":2,"34":3,"35":3,"36":1,"37":6,"38":46,"39":9,"40":9,"41":9,"42":0,"43":0,"44":9,"45":9,"46":9,"47":0,"48":0,"49":1,"50":1},"f":{"0":46,"1":10,"2":10,"3":9,"4":0,"5":9,"6":0,"7":1,"8":1},"b":{"0":[1,9],"1":[1,8],"2":[1,9],"3":[1,8],"4":[3,7],"5":[2,3],"6":[2,0],"7":[3,2],"8":[0,9],"9":[2,44],"10":[46,2],"11":[1,45],"12":[0,9],"13":[2,44],"14":[1,45],"15":[1,45],"16":[46,2],"17":[46,3]},"_coverageSchema":"1a1c01bbd47fc00a2c39e90264f33305004495a9","hash":"8e77847ff89e256c61f0c7e158975226ca488966"}
,"D:\\projects\\react-projects\\cohort-9-mern-16178-hiba\\frontend\\src\\pages\\Auth\\ResetPassword.jsx": {"path":"D:\\projects\\react-projects\\cohort-9-mern-16178-hiba\\frontend\\src\\pages\\Auth\\ResetPassword.jsx","statementMap":{"0":{"start":{"line":11,"column":26},"end":{"line":11,"column":35}},"1":{"start":{"line":12,"column":42},"end":{"line":12,"column":57}},"2":{"start":{"line":13,"column":42},"end":{"line":13,"column":57}},"3":{"start":{"line":14,"column":56},"end":{"line":14,"column":71}},"4":{"start":{"line":15,"column":30},"end":{"line":15,"column":42}},"5":{"start":{"line":16,"column":34},"end":{"line":16,"column":46}},"6":{"start":{"line":17,"column":50},"end":{"line":17,"column":64}},"7":{"start":{"line":18,"column":48},"end":{"line":18,"column":60}},"8":{"start":{"line":19,"column":25},"end":{"line":19,"column":42}},"9":{"start":{"line":20,"column":48},"end":{"line":20,"column":63}},"10":{"start":{"line":21,"column":16},"end":{"line":21,"column":41}},"11":{"start":{"line":22,"column":19},"end":{"line":22,"column":32}},"12":{"start":{"line":26,"column":22},"end":{"line":26,"column":24}},"13":{"start":{"line":28,"column":4},"end":{"line":37,"column":1}},"14":{"start":{"line":29,"column":6},"end":{"line":29,"column":57}},"15":{"start":{"line":30,"column":11},"end":{"line":37,"column":1}},"16":{"start":{"line":31,"column":6},"end":{"line":31,"column":73}},"17":{"start":{"line":32,"column":11},"end":{"line":37,"column":1}},"18":{"start":{"line":33,"column":6},"end":{"line":33,"column":69}},"19":{"start":{"line":34,"column":10},"end":{"line":37,"column":1}},"20":{"start":{"line":35,"column":2},"end":{"line":36,"column":76}},"21":{"start":{"line":39,"column":4},"end":{"line":43,"column":5}},"22":{"start":{"line":40,"column":6},"end":{"line":40,"column":65}},"23":{"start":{"line":41,"column":11},"end":{"line":43,"column":5}},"24":{"start":{"line":42,"column":6},"end":{"line":42,"column":60}},"25":{"start":{"line":45,"column":4},"end":{"line":45,"column":21}},"26":{"start":{"line":50,"column":4},"end":{"line":50,"column":23}},"27":{"start":{"line":51,"column":24},"end":{"line":51,"column":38}},"28":{"start":{"line":52,"column":4},"end":{"line":56,"column":5}},"29":{"start":{"line":53,"column":6},"end":{"line":53,"column":29}},"30":{"start":{"line":55,"column":6},"end":{"line":55,"column":13}},"31":{"start":{"line":57,"column":4},"end":{"line":62,"column":5}},"32":{"start":{"line":58,"column":6},"end":{"line":60,"column":9}},"33":{"start":{"line":61,"column":6},"end":{"line":61,"column":13}},"34":{"start":{"line":64,"column":4},"end":{"line":64,"column":18}},"35":{"start":{"line":65,"column":4},"end":{"line":65,"column":26}},"36":{"start":{"line":66,"column":4},"end":{"line":95,"column":5}},"37":{"start":{"line":67,"column":23},"end":{"line":73,"column":8}},"38":{"start":{"line":74,"column":19},"end":{"line":74,"column":40}},"39":{"start":{"line":76,"column":6},"end":{"line":81,"column":7}},"40":{"start":{"line":77,"column":8},"end":{"line":79,"column":11}},"41":{"start":{"line":80,"column":8},"end":{"line":80,"column":15}},"42":{"start":{"line":83,"column":6},"end":{"line":83,"column":31}},"43":{"start":{"line":85,"column":6},"end":{"line":85,"column":20}},"44":{"start":{"line":86,"column":6},"end":{"line":86,"column":28}},"45":{"start":{"line":88,"column":6},"end":{"line":88,"column":52}},"46":{"start":{"line":90,"column":6},"end":{"line":92,"column":9}},"47":{"start":{"line":94,"column":6},"end":{"line":94,"column":29}},"48":{"start":{"line":97,"column":2},"end":{"line":276,"column":4}},"49":{"start":{"line":134,"column":27},"end":{"line":134,"column":45}},"50":{"start":{"line":157,"column":34},"end":{"line":157,"column":48}},"51":{"start":{"line":158,"column":32},"end":{"line":158,"column":57}},"52":{"start":{"line":159,"column":11},"end":{"line":159,"column":37}},"53":{"start":{"line":160,"column":20},"end":{"line":160,"column":39}},"54":{"start":{"line":161,"column":20},"end":{"line":166,"column":21}},"55":{"start":{"line":162,"column":22},"end":{"line":165,"column":26}},"56":{"start":{"line":162,"column":43},"end":{"line":165,"column":23}},"57":{"start":{"line":167,"column":20},"end":{"line":185,"column":21}},"58":{"start":{"line":168,"column":22},"end":{"line":182,"column":23}},"59":{"start":{"line":169,"column":40},"end":{"line":169,"column":54}},"60":{"start":{"line":170,"column":39},"end":{"line":170,"column":59}},"61":{"start":{"line":171,"column":25},"end":{"line":173,"column":7}},"62":{"start":{"line":172,"column":8},"end":{"line":172,"column":36}},"63":{"start":{"line":175,"column":24},"end":{"line":178,"column":26}},"64":{"start":{"line":179,"column":25},"end":{"line":181,"column":7}},"65":{"start":{"line":180,"column":8},"end":{"line":180,"column":34}},"66":{"start":{"line":184,"column":22},"end":{"line":184,"column":48}},"67":{"start":{"line":198,"column":20},"end":{"line":198,"column":53}},"68":{"start":{"line":198,"column":46},"end":{"line":198,"column":51}},"69":{"start":{"line":223,"column":20},"end":{"line":223,"column":55}},"70":{"start":{"line":224,"column":20},"end":{"line":229,"column":21}},"71":{"start":{"line":225,"column":22},"end":{"line":228,"column":26}},"72":{"start":{"line":225,"column":43},"end":{"line":228,"column":23}},"73":{"start":{"line":242,"column":20},"end":{"line":242,"column":60}},"74":{"start":{"line":242,"column":53},"end":{"line":242,"column":58}}},"fnMap":{"0":{"name":"ResetPassword","decl":{"start":{"line":10,"column":9},"end":{"line":10,"column":22}},"loc":{"start":{"line":10,"column":25},"end":{"line":277,"column":1}},"line":10},"1":{"name":"validateForm","decl":{"start":{"line":25,"column":11},"end":{"line":25,"column":23}},"loc":{"start":{"line":25,"column":26},"end":{"line":46,"column":3}},"line":25},"2":{"name":"handleSubmit","decl":{"start":{"line":49,"column":17},"end":{"line":49,"column":29}},"loc":{"start":{"line":49,"column":33},"end":{"line":96,"column":3}},"line":49},"3":{"name":"(anonymous_3)","decl":{"start":{"line":134,"column":21},"end":{"line":134,"column":22}},"loc":{"start":{"line":134,"column":27},"end":{"line":134,"column":45}},"line":134},"4":{"name":"(anonymous_4)","decl":{"start":{"line":156,"column":28},"end":{"line":156,"column":29}},"loc":{"start":{"line":156,"column":41},"end":{"line":186,"column":19}},"line":156},"5":{"name":"(anonymous_5)","decl":{"start":{"line":162,"column":32},"end":{"line":162,"column":33}},"loc":{"start":{"line":162,"column":43},"end":{"line":165,"column":23}},"line":162},"6":{"name":"(anonymous_6)","decl":{"start":{"line":197,"column":27},"end":{"line":197,"column":28}},"loc":{"start":{"line":197,"column":33},"end":{"line":199,"column":19}},"line":197},"7":{"name":"(anonymous_7)","decl":{"start":{"line":198,"column":36},"end":{"line":198,"column":37}},"loc":{"start":{"line":198,"column":46},"end":{"line":198,"column":51}},"line":198},"8":{"name":"(anonymous_8)","decl":{"start":{"line":222,"column":28},"end":{"line":222,"column":29}},"loc":{"start":{"line":222,"column":35},"end":{"line":230,"column":19}},"line":222},"9":{"name":"(anonymous_9)","decl":{"start":{"line":225,"column":32},"end":{"line":225,"column":33
[...]
"line":94,"column":29},"end":{"line":94,"column":51}},"30":{"start":{"line":103,"column":14},"end":{"line":110,"column":16}},"31":{"start":{"line":107,"column":29},"end":{"line":107,"column":47}},"32":{"start":{"line":108,"column":32},"end":{"line":108,"column":52}},"33":{"start":{"line":109,"column":32},"end":{"line":109,"column":48}},"34":{"start":{"line":115,"column":29},"end":{"line":115,"column":51}}},"fnMap":{"0":{"name":"AllNotesView","decl":{"start":{"line":9,"column":9},"end":{"line":9,"column":21}},"loc":{"start":{"line":9,"column":24},"end":{"line":125,"column":1}},"line":9},"1":{"name":"(anonymous_1)","decl":{"start":{"line":18,"column":4},"end":{"line":18,"column":5}},"loc":{"start":{"line":18,"column":10},"end":{"line":18,"column":57}},"line":18},"2":{"name":"(anonymous_2)","decl":{"start":{"line":18,"column":31},"end":{"line":18,"column":32}},"loc":{"start":{"line":18,"column":41},"end":{"line":18,"column":56}},"line":18},"3":{"name":"handleSort","decl":{"start":{"line":23,"column":11},"end":{"line":23,"column":21}},"loc":{"start":{"line":23,"column":47},"end":{"line":26,"column":3}},"line":23},"4":{"name":"(anonymous_4)","decl":{"start":{"line":28,"column":30},"end":{"line":28,"column":31}},"loc":{"start":{"line":28,"column":36},"end":{"line":65,"column":3}},"line":28},"5":{"name":"(anonymous_5)","decl":{"start":{"line":31,"column":19},"end":{"line":31,"column":20}},"loc":{"start":{"line":31,"column":46},"end":{"line":62,"column":5}},"line":31},"6":{"name":"(anonymous_6)","decl":{"start":{"line":94,"column":23},"end":{"line":94,"column":24}},"loc":{"start":{"line":94,"column":29},"end":{"line":94,"column":51}},"line":94},"7":{"name":"(anonymous_7)","decl":{"start":{"line":102,"column":29},"end":{"line":102,"column":30}},"loc":{"start":{"line":103,"column":14},"end":{"line":110,"column":16}},"line":103},"8":{"name":"(anonymous_8)","decl":{"start":{"line":107,"column":23},"end":{"line":107,"column":24}},"loc":{"start":{"line":107,"column":29},"end":{"line":107,"column":47}},"line":107},"9":{"name":"(anonymous_9)","decl":{"start":{"line":108,"column":26},"end":{"line":108,"column":27}},"loc":{"start":{"line":108,"column":32},"end":{"line":108,"column":52}},"line":108},"10":{"name":"(anonymous_10)","decl":{"start":{"line":109,"column":26},"end":{"line":109,"column":27}},"loc":{"start":{"line":109,"column":32},"end":{"line":109,"column":48}},"line":109},"11":{"name":"(anonymous_11)","decl":{"start":{"line":115,"column":23},"end":{"line":115,"column":24}},"loc":{"start":{"line":115,"column":29},"end":{"line":115,"column":51}},"line":115}},"branchMap":{"0":{"loc":{"start":{"line":18,"column":11},"end":{"line":18,"column":22}},"type":"binary-expr","locations":[{"start":{"line":18,"column":11},"end":{"line":18,"column":16}},{"start":{"line":18,"column":20},"end":{"line":18,"column":22}}],"line":18},"1":{"loc":{"start":{"line":32,"column":6},"end":{"line":39,"column":5}},"type":"if","locations":[{"start":{"line":32,"column":6},"end":{"line":39,"column":5}},{"start":{},"end":{}}],"line":32},"2":{"loc":{"start":{"line":36,"column":6},"end":{"line":38,"column":7}},"type":"if","locations":[{"start":{"line":36,"column":6},"end":{"line":38,"column":7}},{"start":{},"end":{}}],"line":36},"3":{"loc":{"start":{"line":43,"column":6},"end":{"line":47,"column":7}},"type":"if","locations":[{"start":{"line":43,"column":6},"end":{"line":47,"column":7}},{"start":{},"end":{}}],"line":43},"4":{"loc":{"start":{"line":45,"column":19},"end":{"line":45,"column":60}},"type":"binary-expr","locations":[{"start":{"line":45,"column":19},"end":{"line":45,"column":37}},{"start":{"line":45,"column":41},"end":{"line":45,"column":60}}],"line":45},"5":{"loc":{"start":{"line":46,"column":19},"end":{"line":46,"column":62}},"type":"binary-expr","locations":[{"start":{"line":46,"column":19},"end":{"line":46,"column":38}},{"start":{"line":46,"column":42},"end":{"line":46,"column":62}}],"line":46},"6":{"loc":{"start":{"line":48,"column":6},"end":{"line":52,"column":7}},"type":"if","locations":[{"start":{"line":48,"column":6},"end":{"line":52,"column":7}},{"start":{},"end":{}}],"line":48},"7":{"loc":{"start":{"line":49,"column":22},"end":{"line":49,"column":43}},"type":"binary-expr","locations":[{"start":{"line":49,"column":22},"end":{"line":49,"column":37}},{"start":{"line":49,"column":41},"end":{"line":49,"column":43}}],"line":49},"8":{"loc":{"start":{"line":50,"column":10},"end":{"line":50,"column":32}},"type":"binary-expr","locations":[{"start":{"line":50,"column":10},"end":{"line":50,"column":26}},{"start":{"line":50,"column":30},"end":{"line":50,"column":32}}],"line":50},"9":{"loc":{"start":{"line":53,"column":6},"end":{"line":55,"column":7}},"type":"if","locations":[{"start":{"line":53,"column":6},"end":{"line":55,"column":7}},{"start":{},"end":{}}],"line":53},"10":{"loc":{"start":{"line":58,"column":6},"end":{"line":60,"column":7}},"type":"if","locations":[{"start":{"line":58,"column":6},"end":{"line":60,"column":7}},{"start":{},"end":{}}],"line":58},"11":{"loc":{"start":{"line":78,"column":6},"end":{"line":78,"column":35}},"type":"cond-expr","locations":[{"start":{"line":78,"column":18},"end":{"line":78,"column":25}},{"start":{"line":78,"column":28},"end":{"line":78,"column":35}}],"line":78},"12":{"loc":{"start":{"line":82,"column":5},"end":{"line":121,"column":9}},"type":"cond-expr","locations":[{"start":{"line":83,"column":6},"end":{"line":99,"column":16}},{"start":{"line":101,"column":10},"end":{"line":120,"column":13}}],"line":82}},"s":{"0":21,"1":21,"2":21,"3":21,"4":21,"5":21,"6":16,"7":38,"8":5,"9":5,"10":21,"11":21,"12":21,"13":18,"14":16,"15":16,"16":15,"17":3,"18":3,"19":1,"20":3,"21":0,"22":3,"23":2,"24":3,"25":2,"26":3,"27":21,"28":21,"29":1,"30":36,"31":1,"32":1,"33":1,"34":0},"f":{"0":21,"1":16,"2":38,"3":5,"4":21,"5":18,"6":1,"7":36,"8":1,"9":1,"10":1,"11":0},"b":{"0":[16,1],"1":[16,2],"2":[15,1],"3":[1,2],"4":[1,1],"5":[1,1],"6":[0,3],"7":[0,0],"8":[0,0],"9":[2,1],"10":[2,1],"11":[1,20],"12":[3,18]},"_coverageSchema":"1a1c01bbd47fc00a2c39e90264f33305004495a9","hash":"f2e65e6a2c817e124a95080b6a4ce3b8764265b7"}
,"D:\\projects\\react-projects\\cohort-9-mern-16178-hiba\\frontend\\src\\pages\\Dashboard\\views\\main_content\\PinnedView.jsx": {"path":"D:\\projects\\react-projects\\cohort-9-mern-16178-hiba\\frontend\\src\\pages\\Dashboard\\views\\main_content\\PinnedView.jsx","statementMap":{"0":{"start":{"line":6,"column":22},"end":{"line":6,"column":34}},"1":{"start":{"line":7,"column":56},"end":{"line":7,"column":66}},"2":{"start":{"line":8,"column":18},"end":{"line":8,"column":70}},"3":{"start":{"line":8,"column":37},"end":{"line":8,"column":69}},"4":{"start":{"line":9,"column":4},"end":{"line":31,"column":6}},"5":{"start":{"line":15,"column":12},"end":{"line":26,"column":14}},"6":{"start":{"line":23,"column":29},"end":{"line":23,"column":47}},"7":{"start":{"line":24,"column":33},"end":{"line":24,"column":53}},"8":{"start":{"line":25,"column":31},"end":{"line":25,"column":47}}},"fnMap":{"0":{"name":"PinnedView","decl":{"start":{"line":5,"column":9},"end":{"line":5,"column":19}},"loc":{"start":{"line":5,"column":21},"end":{"line":32,"column":1}},"line":5},"1":{"name":"(anonymous_1)","decl":{"start":{"line":8,"column":31},"end":{"line":8,"column":32}},"loc":{"start":{"line":8,"column":37},"end":{"line":8,"column":69}},"line":8},"2":{"name":"(anonymous_2)","decl":{"start":{"line":14,"column":38},"end":{"line":14,"column":39}},"loc":{"start":{"line":15,"column":12},"end":{"line":26,"column":14}},"line":15},"3":{"name":"(anonymous_3)","decl":{"start":{"line":23,"column":23},"end":{"line":23,"column":24}},"loc":{"start":{"line":23,"column":29},"end":{"line":23,"column":47}},"line":23},"4":{"name":"(anonymous_4)","decl":{"start":{"line":24,"column":27},"end":{"line":24,"column":28}},"loc":{"start":{"line":24,"column":33},"end":{"line":24,"column":53}},"line":24},"5":{"name":"(anonymous_5)","decl":{"start":{"line":25,"column":27},"end":{"line":25,"column":28}},"loc":{"start":{"line":25,"column":31},"end":{"line":25,"column":47}},"line":25}},"branchMap":{"0":{"loc":{"start":{"line":8,"column":37},"end":{"line":8,"column":69}},"type":"binary-expr","locations":[{"start":{"line":8,"column":37},"end":{"line":8,"column":50}},{"start":{"line":8,"column":54},"end":{"line":8,"column":69}}],"line":8},"1":{"loc":{"start":{"line":10,"column":67},"end":{"line":10,"column":102}},"type":"cond-expr","locations":[{"start":{"line":10,"column":79},"end":{"line":10,"column":89}},{"start":{"line":10,"column":92},"end":{"line":10,"column":102}}],"line":10},"2":{"loc":{"start":{"line":11,"column":13},"end":{"line":29,"column":13}},"type":"cond-expr","locations":[{"start":{"line":12,"column":16},"end":{"line":12,"column":71}},{"start":{"line":14,"column":22},"end":{"line":27,"column":10}}],"line":11}},"s":{"0":11,"1":11,"2":11,"3":26,"4":11,"5":9,"6":1,"7":1,"8":1},"f":{"0":11,"1":26,"2":9,"3":1,"4":1,"5":1},"b":{"0":[26,17],"1":[1,10],"2":[3,8]},"_coverageSchema":"1a1c01bbd47fc00a2c39e90264f33305004495a9","hash":"d74875366dadcd8d3521f21e91cbe3c0fcf07ea8"}
,"D:\\projects\\react-projects\\cohort-9-mern-16178-hiba\\frontend\\src\\pages\\Dashboard\\views\\main_content\\RecentView.jsx": {"path":"D:\\projects\\react-projects\\cohort-9-mern-16178-hiba\\frontend\\src\\pages\\Dashboard\\views\\main_content\\RecentView.jsx","statementMap":{"0":{"start":{"line":8,"column":22},"end":{"line":8,"column":34}},"1":{"start":{"line":9,"column":18},"end":{"line":9,"column":28}},"2":{"start":{"line":10,"column":52},"end":{"line":10,"column":63}},"3":{"start":{"line":12,"column":20},"end":{"line":17,"column":3}},"4":{"start":{"line":13,"column":20},"end":{"line":13,"column":35}},"5":{"start":{"line":16,"column":6},"end":{"line":16,"column":51}},"6":{"start":{"line":19,"column":21},"end":{"line":19,"column":59}},"7":{"start":{"line":21,"column":4},"end":{"line":67,"column":6}},"8":{"start":{"line":34,"column":10},"end":{"line":54,"column":17}},"9":{"start":{"line":60,"column":19},"end":{"line":60,"column":58}},"10":{"start":{"line":60,"column":49},"end":{"line":60,"column":57}}},"fnMap":{"0":{"name":"RecentView","decl":{"start":{"line":7,"column":9},"end":{"line":7,"column":19}},"loc":{"start":{"line":7,"column":21},"end":{"line":68,"column":1}},"line":7},"1":{"name":"(anonymous_1)","decl":{"start":{"line":13,"column":10},"end":{"line":13,"column":11}},"loc":{"start":{"line":13,"column":20},"end":{"line":13,"column":35}},"line":13},"2":{"name":"(anonymous_2)","decl":{"start":{"line":15,"column":4},"end":{"line":15,"column":5}},"loc":{"start":{"line":16,"column":6},"end":{"line":16,"column":51}},"line":16},"3":{"name":"(anonymous_3)","decl":{"start":{"line":33,"column":25},"end":{"line":33,"column":26}},"loc":{"start":{"line":34,"column":10},"end":{"line":54,"column":17}},"line":34},"4":{"name":"(anonymous_4)","decl":{"start":{"line":60,"column":13},"end":{"line":60,"column":14}},"loc":{"start":{"line":60,"column":19},"end":{"line":60,"column":58}},"line":60},"5":{"name":"(anonymous_5)","decl":{"start":{"line":60,"column":39},"end":{"line":60,"column":40}},"loc":{"start":{"line":60,"column":49},"end":{"line":60,"column":57}},"line":60}},"branchMap":{"0":{"loc":{"start":{"line":12,"column":21},"end":{"line":12,"column":32}},"type":"binary-expr","locations":[{"start":{"line":12,"column":21},"end":{"line":12,"column":26}},{"start":{"line":12,"column":30},"end":{"line":12,"column":32}}],"line":12},"1":{"loc":{"start":{"line":25,"column":8},"end":{"line":25,"column":55}},"type":"cond-expr","locations":[{"start":{"line":25,"column":20},"end":{"line":25,"column":36}},{"start":{"line":25,"column":39},"end":{"line":25,"column":55}}],"line":25},"2":{"loc":{"start":{"line":28,"column":7},"end":{"line":56,"column":7}},"type":"cond-expr","locations":[{"start":{"line":29,"column":8},"end":{"line":31,"column":12}},{"start":{"line":33,"column":8},"end":{"line":55,"column":10}}],"line":28},"3":{"loc":{"start":{"line":57,"column":7},"end":{"line":65,"column":1}},"type":"binary-expr","locations":[{"start":{"line":57,"column":7},"end":{"line":57,"column":44}},{"start":{"line":58,"column":2},"end":{"line":64,"column":11}}],"line":57}},"s":{"0":13,"1":13,"2":13,"3":13,"4":59,"5":45,"6":13,"7":13,"8":47,"9":1,"10":1},"f":{"0":13,"1":59,"2":45,"3":47,"4":1,"5":1},"b":{"0":[13,1],"1":[1,12],"2":[3,10],"3":[13,3]},"_coverageSchema":"1a1c01bbd47fc00a2c39e90264f33305004495a9","hash":"499ea136423a0705357a805b07290e00a1386dd3"}
,"D:\\projects\\react-projects\\cohort-9-mern-16178-hiba\\frontend\\src\\pages\\Dashboard\\views\\main_content\\TrashView.jsx": {"path":"D:\\projects\\react-projects\\cohort-9-mern-16178-hiba\\frontend\\src\\pages\\Dashboard\\views\\main_content\\TrashView.jsx","statementMap":{"0":{"start":{"line":8,"column":24},"end":{"line":8,"column":36}},"1":{"start":{"line":9,"column":42},"end":{"line":9,"column":56}},"2":{"start":{"line":10,"column":48},"end":{"line":10,"column":58}},"3":{"start":{"line":11,"column":21},"end":{"line":11,"column":59}},"4":{"start":{"line":11,"column":44},"end":{"line":11,"column":58}},"5":{"start":{"line":14,"column":4},"end":{"line":14,"column":26}},"6":{"start":{"line":17,"column":4},"end":{"line":17,"column":26}},"7":{"start":{"line":21,"column":4},"end":{"line":23,"column":5}},"8":{"start":{"line":22,"column":6},"end":{"line":22,"column":13}},"9":{"start":{"line":24,"column":4},"end":{"line":28,"column":5}},"10":{"start":{"line":25,"column":0},"end":{"line":25,"column":37}},"11":{"start":{"line":27,"column":2},"end":{"line":27,"column":21}},"12":{"start":{"line":31,"column":2},"end":{"line":79,"column":4}},"13":{"start":{"line":40,"column":12},"end":{"line":67,"column":22}},"14":{"start":{"line":55,"column":33},"end":{"line":55,"column":53}},"15":{"start":{"line":62,"column":33},"end":{"line":62,"column":54}}},"fnMap":{"0":{"name":"TrashView","decl":{"start":{"line":7,"column":9},"end":{"line":7,"column":18}},"loc":{"start":{"line":7,"column":21},"end":{"line":80,"column":1}},"line":7},"1":{"name":"(anonymous_1)","decl":{"start":{"line":11,"column":34},"end":{"line":11,"column":35}},"loc":{"start":{"line":11,"column":44},"end":{"line":11,"column":58}},"line":11},"2":{"name":"openDeleteModal","decl":{"start":{"line":13,"column":11},"end":{"line":13,"column":26}},"loc":{"start":{"line":13,"column":33},"end":{"line":15,"column":3}},"line":13},"3":{"name":"closeDeleteModal","decl":{"start":{"line":16,"column":11},"end":{"line":16,"column":27}},"loc":{"start":{"line":16,"column":30},"end":{"line":18,"column":3}},"line":16},"4":{"name":"handleDeleteForever","decl":{"start":{"line":20,"column":17},"end":{"line":20,"column":36}},"loc":{"start":{"line":20,"column":39},"end":{"line":30,"column":3}},"line":20},"5":{"name":"(anonymous_5)","decl":{"start":{"line":39,"column":25},"end":{"line":39,"column":26}},"loc":{"start":{"line":40,"column":12},"end":{"line":67,"column":22}},"line":40},"6":{"name":"(anonymous_6)","decl":{"start":{"line":55,"column":27},"end":{"line":55,"column":28}},"loc":{"start":{"line":55,"column":33},"end":{"line":55,"column":53}},"line":55},"7":{"name":"(anonymous_7)","decl":{"start":{"line":62,"column":27},"end":{"line":62,"column":28}},"loc":{"start":{"line":62,"column":33},"end":{"line":62,"column":54}},"line":62}},"branchMap":{"0":{"loc":{"start":{"line":21,"column":4},"end":{"line":23,"column":5}},"type":"if","locations":[{"start":{"line":21,"column":4},"end":{"line":23,"column":5}},{"start":{},"end":{}}],"line":21},"1":{"loc":{"start":{"line":34,"column":39},"end":{"line":34,"column":90}},"type":"cond-expr","locations":[{"start":{"line":34,"column":51},"end":{"line":34,"column":69}},{"start":{"line":34,"column":72},"end":{"line":34,"column":90}}],"line":34},"2":{"loc":{"start":{"line":36,"column":9},"end":{"line":69,"column":9}},"type":"cond-expr","locations":[{"start":{"line":37,"column":10},"end":{"line":37,"column":67}},{"start":{"line":39,"column":10},"end":{"line":68,"column":12}}],"line":36},"3":{"loc":{"start":{"line":42,"column":100},"end":{"line":42,"column":133}},"type":"cond-expr","locations":[{"start":{"line":42,"column":112},"end":{"line":42,"column":121}},{"start":{"line":42,"column":124},"end":{"line":42,"column":133}}],"line":42}},"s":{"0":22,"1":22,"2":22,"3":22,"4":61,"5":5,"6":3,"7":2,"8":0,"9":2,"10":2,"11":2,"12":22,"13":40,"14":1,"15":5},"f":{"0":22,"1":61,"2":5,"3":3,"4":2,"5":40,"6":1,"7":5},"b":{"0":[0,2],"1":[1,21],"2":[2,20],"3":[2,38]},"_coverageSchema":"1a1c01bbd47fc00a2c39e90264f33305004495a9","hash":"763c057736fd6306e65b71e66d32277cc7850ab3"}
,"D:\\projects\\react-projects\\cohort-9-mern-16178-hiba\\frontend\\src\\utils\\formateDate.js": {"path":"D:\\projects\\react-projects\\cohort-9-mern-16178-hiba\\frontend\\src\\utils\\formateDate.js","statementMap":{"0":{"start":{"line":2,"column":2},"end":{"line":2,"column":23}},"1":{"start":{"line":2,"column":13},"end":{"line":2,"column":23}},"2":{"start":{"line":3,"column":19},"end":{"line":3,"column":33}},"3":{"start":{"line":4,"column":14},"end":{"line":4,"column":24}},"4":{"start":{"line":6,"column":24},"end":{"line":6,"column":59}},"5":{"start":{"line":7,"column":2},"end":{"line":9,"column":3}},"6":{"start":{"line":8,"column":4},"end":{"line":8,"column":22}},"7":{"start":{"line":10,"column":24},"end":{"line":10,"column":54}},"8":{"start":{"line":11,"column":2},"end":{"line":13,"column":3}},"9":{"start":{"line":12,"column":4},"end":{"line":12,"column":38}},"10":{"start":{"line":14,"column":22},"end":{"line":14,"column":52}},"11":{"start":{"line":15,"column":2},"end":{"line":17,"column":3}},"12":{"start":{"line":16,"column":4},"end":{"line":16,"column":35}},"13":{"start":{"line":18,"column":21},"end":{"line":18,"column":49}},"14":{"start":{"line":19,"column":2},"end":{"line":21,"column":3}},"15":{"start":{"line":20,"column":4},"end":{"line":20,"column":23}},"16":{"start":{"line":22,"column":2},"end":{"line":24,"column":3}},"17":{"start":{"line":23,"column":4},"end":{"line":23,"column":36}},"18":{"start":{"line":27,"column":2},"end":{"line":33,"column":5}}},"fnMap":{"0":{"name":"formatDate","decl":{"start":{"line":1,"column":9},"end":{"line":1,"column":19}},"loc":{"start":{"line":1,"column":26},"end":{"line":34,"column":1}},"line":1}},"branchMap":{"0":{"loc":{"start":{"line":2,"column":2},"end":{"line":2,"column":23}},"type":"if","locations":[{"start":{"line":2,"column":2},"end":{"line":2,"column":23}},{"start":{},"end":{}}],"line":2},"1":{"loc":{"start":{"line":7,"column":2},"end":{"line":9,"column":3}},"type":"if","locations":[{"start":{"line":7,"column":2},"end":{"line":9,"column":3}},{"start":{},"end":{}}],"line":7},"2":{"loc":{"start":{"line":11,"column":2},"end":{"line":13,"column":3}},"type":"if","locations":[{"start":{"line":11,"column":2},"end":{"line":13,"column":3}},{"start":{},"end":{}}],"line":11},"3":{"loc":{"start":{"line":15,"column":2},"end":{"line":17,"column":3}},"type":"if","locations":[{"start":{"line":15,"column":2},"end":{"line":17,"column":3}},{"start":{},"end":{}}],"line":15},"4":{"loc":{"start":{"line":19,"column":2},"end":{"line":21,"column":3}},"type":"if","locations":[{"start":{"line":19,"column":2},"end":{"line":21,"column":3}},{"start":{},"end":{}}],"line":19},"5":{"loc":{"start":{"line":22,"column":2},"end":{"line":24,"column":3}},"type":"if","locations":[{"start":{"line":22,"column":2},"end":{"line":24,"column":3}},{"start":{},"end":{}}],"line":22},"6":{"loc":{"start":{"line":30,"column":10},"end":{"line":32,"column":17}},"type":"cond-expr","locations":[{"start":{"line":31,"column":8},"end":{"line":31,"column":17}},{"start":{"line":32,"column":8},"end":{"line":32,"column":17}}],"line":30}},"s":{"0":87,"1":0,"2":87,"3":87,"4":87,"5":87,"6":0,"7":87,"8":87,"9":0,"10":87,"11":87,"12":0,"13":87,"14":87,"15":5,"16":82,"17":71,"18":11},"f":{"0":87},"b":{"0":[0,87],"1":[0,87],"2":[0,87],"3":[0,87],"4":[5,82],"5":[71,11],"6":[0,11]},"_coverageSchema":"1a1c01bbd47fc00a2c39e90264f33305004495a9","hash":"c2472be5ed0c3bd7d92062c1d1c01c4b4e3d7ca0"}
}
