TN:
SF:src\components\Button.jsx
FN:1,Button
FNF:1
FNH:1
FNDA:49,Button
DA:4,49
LF:1
LH:1
BRDA:1,0,0,0
BRDA:1,1,0,0
BRF:2
BRH:0
end_of_record
TN:
SF:src\components\PasswordStrength.jsx
FN:1,PasswordStrength
FN:12,(anonymous_1)
FNF:2
FNH:2
FNDA:57,PasswordStrength
FNDA:160,(anonymous_1)
DA:2,57
DA:4,20
DA:9,20
DA:13,160
LF:4
LH:4
BRDA:2,0,0,37
BRDA:2,0,1,20
BRDA:16,1,0,160
BRDA:16,1,1,0
BRDA:17,2,0,0
BRDA:17,2,1,160
BRDA:19,3,0,0
BRDA:19,3,1,160
BRDA:30,4,0,0
BRDA:30,4,1,20
BRDA:32,5,0,0
BRDA:32,5,1,20
BRDA:37,6,0,20
BRDA:37,6,1,0
BRDA:38,7,0,20
BRDA:38,7,1,0
BRDA:39,8,0,20
BRDA:39,8,1,0
BRDA:40,9,0,20
BRDA:40,9,1,0
BRDA:41,10,0,20
BRDA:41,10,1,20
BRF:22
BRH:13
end_of_record
TN:
SF:src\components\Toast.jsx
FN:5,Toast
FNF:1
FNH:1
FNDA:1,Toast
DA:6,1
LF:1
LH:1
BRF:0
BRH:0
end_of_record
TN:
SF:src\components\modal\LogoutModal.jsx
FN:8,LogoutModal
FN:16,handleLogout
FNF:2
FNH:2
FNDA:7,LogoutModal
FNDA:3,handleLogout
DA:9,7
DA:10,7
DA:14,7
DA:17,3
DA:18,3
DA:21,2
DA:22,1
DA:26,1
DA:27,1
DA:28,1
DA:31,2
DA:36,7
LF:12
LH:12
BRDA:21,0,0,1
BRDA:21,0,1,1
BRF:2
BRH:2
end_of_record
TN:
SF:src\context\NotesContext.jsx
FN:6,NotesProvider
FN:15,(anonymous_1)
FN:16,(anonymous_2)
FN:22,(anonymous_3)
FN:24,(anonymous_4)
FN:31,createNote
FN:45,(anonymous_6)
FN:56,updateNote
FN:76,(anonymous_8)
FN:77,(anonymous_9)
FN:89,getAllNotes
FN:111,getNoteById
FN:121,(anonymous_12)
FN:122,(anonymous_13)
FN:133,restoreNote
FN:143,(anonymous_15)
FN:144,(anonymous_16)
FN:152,deleteForever
FN:161,(anonymous_18)
FN:161,(anonymous_19)
FN:167,moveToTrash
FN:177,(anonymous_21)
FN:178,(anonymous_22)
FN:187,handlePin
FN:199,(anonymous_24)
FN:200,(anonymous_25)
FN:209,importNotes
FN:227,exportNote
FN:267,exportAllNotes
FN:268,(anonymous_29)
FN:336,(anonymous_30)
FN:344,(anonymous_31)
FN:378,useNotes
FNF:33
FNH:29
FNDA:73,NotesProvider
FNDA:27,(anonymous_1)
FNDA:1,(anonymous_2)
FNDA:27,(anonymous_3)
FNDA:27,(anonymous_4)
FNDA:4,createNote
FNDA:3,(anonymous_6)
FNDA:2,updateNote
FNDA:1,(anonymous_8)
FNDA:1,(anonymous_9)
FNDA:28,getAllNotes
FNDA:0,getNoteById
FNDA:0,(anonymous_12)
FNDA:0,(anonymous_13)
FNDA:2,restoreNote
FNDA:1,(anonymous_15)
FNDA:1,(anonymous_16)
FNDA:2,deleteForever
FNDA:1,(anonymous_18)
FNDA:2,(anonymous_19)
FNDA:2,moveToTrash
FNDA:1,(anonymous_21)
FNDA:1,(anonymous_22)
FNDA:2,handlePin
FNDA:1,(anonymous_24)
FNDA:1,(anonymous_25)
FNDA:1,importNotes
FNDA:2,exportNote
FNDA:7,exportAllNotes
FNDA:10,(anonymous_29)
FNDA:1,(anonymous_30)
FNDA:0,(anonymous_31)
FNDA:72,useNotes
DA:4,1
DA:7,73
DA:8,73
DA:9,73
DA:10,73
DA:11,73
DA:12,73
DA:13,73
DA:15,73
DA:16,27
DA:17,1
DA:22,73
DA:24,27
DA:25,27
DA:26,6
DA:32,4
DA:33,4
DA:34,4
DA:41,4
DA:42,4
DA:43,1
DA:45,3
DA:46,3
DA:48,3
DA:51,1
DA:52,1
DA:57,2
DA:58,2
DA:67,2
DA:69,2
DA:70,1
DA:71,1
DA:72,1
DA:76,1
DA:77,1
DA:80,1
DA:82,1
DA:84,1
DA:85,1
DA:90,28
DA:91,28
DA:92,28
DA:94,28
DA:96,28
DA:97,1
DA:100,27
DA:101,0
DA:103,27
DA:104,27
DA:106,1
DA:107,1
DA:112,0
DA:113,0
DA:115,0
DA:117,0
DA:118,0
DA:121,0
DA:122,0
DA:125,0
DA:127,0
DA:129,0
DA:130,0
DA:135,2
DA:136,2
DA:139,2
DA:140,2
DA:141,1
DA:143,1
DA:144,1
DA:147,1
DA:148,1
DA:153,2
DA:154,2
DA:157,2
DA:158,2
DA:159,1
DA:161,2
DA:163,1
DA:164,1
DA:168,2
DA:169,2
DA:170,2
DA:173,2
DA:174,2
DA:175,1
DA:177,1
DA:178,1
DA:181,1
DA:182,1
DA:188,2
DA:189,2
DA:192,2
DA:193,2
DA:194,1
DA:199,1
DA:200,1
DA:203,1
DA:204,1
DA:210,1
DA:211,1
DA:213,1
DA:214,2
DA:215,2
DA:218,1
DA:220,0
DA:222,0
DA:228,2
DA:229,2
DA:230,2
DA:233,2
DA:244,2
DA:246,2
DA:250,2
DA:252,2
DA:253,2
DA:254,2
DA:256,2
DA:257,2
DA:258,2
DA:261,2
DA:263,0
DA:268,10
DA:270,7
DA:271,1
DA:274,6
DA:275,6
DA:276,6
DA:278,6
DA:280,6
DA:281,6
DA:282,8
DA:284,8
DA:285,8
DA:288,8
DA:299,8
DA:303,8
DA:304,8
DA:306,8
DA:307,1
DA:308,1
DA:311,8
DA:313,8
DA:315,8
DA:318,6
DA:322,5
DA:324,5
DA:325,5
DA:326,5
DA:328,5
DA:329,5
DA:330,5
DA:332,5
DA:334,5
DA:336,5
DA:337,1
DA:338,1
DA:341,1
DA:343,1
DA:344,1
DA:345,0
DA:346,0
DA:350,73
DA:379,72
LF:163
LH:146
BRDA:25,0,0,6
BRDA:25,0,1,21
BRDA:42,1,0,1
BRDA:42,1,1,3
BRDA:43,2,0,1
BRDA:43,2,1,0
BRDA:51,3,0,1
BRDA:51,3,1,0
BRDA:69,4,0,1
BRDA:69,4,1,1
BRDA:70,5,0,1
BRDA:70,5,1,0
BRDA:77,6,0,1
BRDA:77,6,1,0
BRDA:84,7,0,1
BRDA:84,7,1,0
BRDA:96,8,0,1
BRDA:96,8,1,27
BRDA:97,9,0,1
BRDA:97,9,1,0
BRDA:100,10,0,0
BRDA:100,10,1,27
BRDA:106,11,0,1
BRDA:106,11,1,0
BRDA:117,12,0,0
BRDA:117,12,1,0
BRDA:118,13,0,0
BRDA:118,13,1,0
BRDA:122,14,0,0
BRDA:122,14,1,0
BRDA:129,15,0,0
BRDA:129,15,1,0
BRDA:140,16,0,1
BRDA:140,16,1,1
BRDA:141,17,0,1
BRDA:141,17,1,0
BRDA:144,18,0,1
BRDA:144,18,1,0
BRDA:148,19,0,1
BRDA:148,19,1,0
BRDA:158,20,0,1
BRDA:158,20,1,1
BRDA:159,21,0,1
BRDA:159,21,1,0
BRDA:164,22,0,1
BRDA:164,22,1,0
BRDA:174,23,0,1
BRDA:174,23,1,1
BRDA:175,24,0,1
BRDA:175,24,1,0
BRDA:178,25,0,1
BRDA:178,25,1,0
BRDA:182,26,0,1
BRDA:182,26,1,0
BRDA:193,27,0,1
BRDA:193,27,1,1
BRDA:195,28,0,1
BRDA:195,28,1,0
BRDA:200,29,0,1
BRDA:200,29,1,0
BRDA:204,30,0,1
BRDA:204,30,1,0
BRDA:229,31,0,2
BRDA:229,31,1,1
BRDA:230,32,0,2
BRDA:230,32,1,0
BRDA:270,33,0,1
BRDA:270,33,1,6
BRDA:284,34,0,8
BRDA:284,34,1,0
BRDA:285,35,0,8
BRDA:285,35,1,0
BRF:72
BRH:42
end_of_record
TN:
SF:src\context\ProfileContext.jsx
FN:5,ProfileProvider
FN:9,(anonymous_1)
FN:10,(anonymous_2)
FN:13,(anonymous_3)
FN:19,(anonymous_4)
FN:39,(anonymous_5)
FN:46,(anonymous_6)
FN:60,(anonymous_7)
FN:65,(anonymous_8)
FN:88,useProfile
FNF:10
FNH:9
FNDA:45,ProfileProvider
FNDA:24,(anonymous_1)
FNDA:0,(anonymous_2)
FNDA:27,(anonymous_3)
FNDA:1,(anonymous_4)
FNDA:5,(anonymous_5)
FNDA:1,(anonymous_6)
FNDA:181,(anonymous_7)
FNDA:326,(anonymous_8)
FNDA:45,useProfile
DA:3,1
DA:6,45
DA:7,45
DA:8,45
DA:9,45
DA:10,24
DA:13,45
DA:14,27
DA:15,27
DA:16,27
DA:17,27
DA:19,27
DA:20,27
DA:21,5
DA:24,22
DA:25,2
DA:28,20
DA:30,7
DA:31,7
DA:32,7
DA:36,27
DA:39,45
DA:40,5
DA:41,5
DA:46,5
DA:47,5
DA:48,1
DA:50,4
DA:51,2
DA:53,2
DA:54,2
DA:56,3
DA:60,45
DA:62,181
DA:65,326
DA:72,45
DA:89,45
LF:37
LH:37
BRDA:20,0,0,5
BRDA:20,0,1,22
BRDA:21,1,0,5
BRDA:21,1,1,1
BRDA:24,2,0,2
BRDA:24,2,1,20
BRDA:33,3,0,7
BRDA:33,3,1,0
BRDA:47,4,0,1
BRDA:47,4,1,4
BRDA:48,5,0,1
BRDA:48,5,1,0
BRDA:50,6,0,2
BRDA:50,6,1,2
BRDA:56,7,0,3
BRDA:56,7,1,0
BRDA:60,8,0,36
BRF:17
BRH:14
end_of_record
TN:
SF:src\context\ThemeContext.jsx
FN:3,ThemeProvider
FN:4,(anonymous_1)
FN:8,(anonymous_2)
FN:12,(anonymous_3)
FN:22,(anonymous_4)
FN:23,(anonymous_5)
FN:34,useTheme
FNF:7
FNH:7
FNDA:38,ThemeProvider
FNDA:23,(anonymous_1)
FNDA:23,(anonymous_2)
FNDA:38,(anonymous_3)
FNDA:5,(anonymous_4)
FNDA:5,(anonymous_5)
FNDA:38,useTheme
DA:2,1
DA:4,38
DA:5,23
DA:8,38
DA:9,23
DA:12,38
DA:13,38
DA:14,38
DA:15,38
DA:18,38
DA:19,38
DA:22,38
DA:23,5
DA:24,5
DA:27,38
DA:35,38
LF:16
LH:16
BRDA:5,0,0,23
BRDA:5,0,1,14
BRDA:9,1,0,23
BRDA:9,1,1,18
BRDA:24,2,0,3
BRDA:24,2,1,2
BRF:6
BRH:6
end_of_record
TN:
SF:src\icons\icons.jsx
FNF:0
FNH:0
LF:0
LH:0
BRF:0
BRH:0
end_of_record
TN:
SF:src\icons\leaflet_logo.jsx
FN:2,LeafletLogo
FNF:1
FNH:1
FNDA:72,LeafletLogo
DA:3,72
LF:1
LH:1
BRF:0
BRH:0
end_of_record
TN:
SF:src\pages\Auth\ForgotPassword.jsx
FN:8,ForgotPassword
FN:20,(anonymous_1)
FN:26,(anonymous_2)
FN:31,(anonymous_3)
FN:32,(anonymous_4)
FN:42,(anonymous_5)
FN:45,validateForm
FN:58,sendResetEmail
FN:67,(anonymous_8)
FN:77,handleSubmit
FN:120,handleResend
FN:280,(anonymous_11)
FN:284,(anonymous_12)
FNF:13
FNH:12
FNDA:72,ForgotPassword
FNDA:26,(anonymous_1)
FNDA:31,(anonymous_2)
FNDA:300,(anonymous_3)
FNDA:300,(anonymous_4)
FNDA:9,(anonymous_5)
FNDA:15,validateForm
FNDA:18,sendResetEmail
FNDA:0,(anonymous_8)
FNDA:15,handleSubmit
FNDA:5,handleResend
FNDA:14,(anonymous_11)
FNDA:1,(anonymous_12)
DA:9,72
DA:10,72
DA:11,72
DA:12,72
DA:13,72
DA:14,72
DA:16,72
DA:18,72
DA:20,72
DA:21,26
DA:22,9
DA:26,72
DA:27,31
DA:28,22
DA:31,9
DA:32,300
DA:33,300
DA:34,5
DA:35,5
DA:38,295
DA:42,9
DA:46,15
DA:47,15
DA:49,15
DA:50,2
DA:51,13
DA:52,0
DA:55,15
DA:59,18
DA:60,18
DA:67,15
DA:69,15
DA:71,3
DA:78,15
DA:80,15
DA:82,15
DA:83,2
DA:84,2
DA:87,13
DA:88,13
DA:90,13
DA:91,13
DA:93,12
DA:94,2
DA:95,1
DA:99,1
DA:104,2
DA:107,10
DA:108,10
DA:110,1
DA:112,1
DA:116,13
DA:121,5
DA:122,0
DA:125,5
DA:126,5
DA:128,5
DA:129,5
DA:131,3
DA:132,2
DA:135,2
DA:138,1
DA:140,2
DA:142,2
DA:146,5
DA:150,72
DA:281,14
DA:283,14
DA:284,1
LF:69
LH:67
BRDA:21,0,0,9
BRDA:21,0,1,17
BRDA:27,1,0,22
BRDA:27,1,1,9
BRDA:33,2,0,5
BRDA:33,2,1,295
BRDA:49,3,0,2
BRDA:49,3,1,13
BRDA:51,4,0,0
BRDA:51,4,1,13
BRDA:82,5,0,2
BRDA:82,5,1,13
BRDA:93,6,0,2
BRDA:93,6,1,10
BRDA:94,7,0,1
BRDA:94,7,1,1
BRDA:121,8,0,0
BRDA:121,8,1,5
BRDA:121,9,0,5
BRDA:121,9,1,5
BRDA:131,10,0,2
BRDA:131,10,1,1
BRDA:133,11,0,2
BRDA:133,11,1,0
BRDA:161,12,0,23
BRDA:161,12,1,49
BRDA:206,13,0,23
BRDA:206,13,1,14
BRDA:208,14,0,14
BRDA:208,14,1,9
BRDA:208,15,0,23
BRDA:208,15,1,14
BRDA:213,16,0,9
BRDA:213,16,1,14
BRDA:215,17,0,5
BRDA:215,17,1,9
BRDA:220,18,0,23
BRDA:220,18,1,4
BRDA:283,19,0,1
BRDA:283,19,1,13
BRDA:283,20,0,14
BRDA:283,20,1,13
BRDA:293,21,0,3
BRDA:293,21,1,46
BRDA:299,22,0,49
BRDA:299,22,1,3
BRDA:305,23,0,49
BRDA:305,23,1,2
BRDA:317,24,0,13
BRDA:317,24,1,36
BRF:50
BRH:47
end_of_record
TN:
SF:src\pages\Auth\LoginForm.jsx
FN:6,LoginForm
FN:16,validateForm
FN:33,handleSubmit
FN:87,(anonymous_3)
FN:90,(anonymous_4)
FN:114,(anonymous_5)
FN:117,(anonymous_6)
FN:131,(anonymous_7)
FN:132,(anonymous_8)
FNF:9
FNH:7
FNDA:46,LoginForm
FNDA:10,validateForm
FNDA:10,handleSubmit
FNDA:9,(anonymous_3)
FNDA:0,(anonymous_4)
FNDA:9,(anonymous_5)
FNDA:0,(anonymous_6)
FNDA:1,(anonymous_7)
FNDA:1,(anonymous_8)
DA:7,46
DA:8,46
DA:9,46
DA:10,46
DA:11,46
DA:12,46
DA:13,46
DA:14,46
DA:15,46
DA:17,10
DA:18,10
DA:20,10
DA:21,1
DA:22,9
DA:23,1
DA:25,10
DA:26,1
DA:27,9
DA:28,1
DA:30,10
DA:34,10
DA:35,10
DA:36,10
DA:37,10
DA:38,3
DA:40,3
DA:42,7
DA:43,7
DA:44,7
DA:45,7
DA:52,5
DA:53,5
DA:54,2
DA:55,2
DA:57,3
DA:58,3
DA:61,1
DA:65,6
DA:70,46
DA:87,9
DA:88,9
DA:89,9
DA:90,0
DA:114,9
DA:115,9
DA:116,9
DA:117,0
DA:132,1
LF:48
LH:46
BRDA:20,0,0,1
BRDA:20,0,1,9
BRDA:22,1,0,1
BRDA:22,1,1,8
BRDA:25,2,0,1
BRDA:25,2,1,9
BRDA:27,3,0,1
BRDA:27,3,1,8
BRDA:37,4,0,3
BRDA:37,4,1,7
BRDA:53,5,0,2
BRDA:53,5,1,3
BRDA:54,6,0,2
BRDA:54,6,1,0
BRDA:58,7,0,3
BRDA:58,7,1,2
BRDA:89,8,0,0
BRDA:89,8,1,9
BRDA:98,9,0,2
BRDA:98,9,1,44
BRDA:101,10,0,46
BRDA:101,10,1,2
BRDA:112,11,0,1
BRDA:112,11,1,45
BRDA:116,12,0,0
BRDA:116,12,1,9
BRDA:125,13,0,2
BRDA:125,13,1,44
BRDA:134,14,0,1
BRDA:134,14,1,45
BRDA:137,15,0,1
BRDA:137,15,1,45
BRDA:140,16,0,46
BRDA:140,16,1,2
BRDA:154,17,0,46
BRDA:154,17,1,3
BRF:36
BRH:33
end_of_record
TN:
SF:src\pages\Auth\ResetPassword.jsx
FN:10,ResetPassword
FN:25,validateForm
FN:49,handleSubmit
FN:134,(anonymous_3)
FN:156,(anonymous_4)
FN:162,(anonymous_5)
FN:197,(anonymous_6)
FN:198,(anonymous_7)
FN:222,(anonymous_8)
FN:225,(anonymous_9)
FN:241,(anonymous_10)
FN:242,(anonymous_11)
FNF:12
FNH:12
FNDA:99,ResetPassword
FNDA:15,validateForm
FNDA:15,handleSubmit
FNDA:1,(anonymous_3)
FNDA:18,(anonymous_4)
FNDA:1,(anonymous_5)
FNDA:3,(anonymous_6)
FNDA:3,(anonymous_7)
FNDA:14,(anonymous_8)
FNDA:1,(anonymous_9)
FNDA:3,(anonymous_10)
FNDA:3,(anonymous_11)
DA:11,99
DA:12,99
DA:13,99
DA:14,99
DA:15,99
DA:16,99
DA:17,99
DA:18,99
DA:19,99
DA:20,99
DA:21,99
DA:22,99
DA:26,15
DA:28,15
DA:29,1
DA:30,14
DA:31,2
DA:32,12
DA:33,1
DA:34,11
DA:35,1
DA:39,15
DA:40,2
DA:41,13
DA:42,2
DA:45,15
DA:50,15
DA:51,15
DA:52,15
DA:53,8
DA:55,8
DA:57,7
DA:58,1
DA:61,1
DA:64,6
DA:65,6
DA:66,6
DA:67,6
DA:74,5
DA:76,5
DA:77,2
DA:80,2
DA:83,3
DA:85,3
DA:86,3
DA:88,1
DA:90,1
DA:94,6
DA:97,99
DA:134,1
DA:157,18
DA:158,18
DA:159,18
DA:160,18
DA:161,18
DA:162,1
DA:167,18
DA:168,18
DA:169,18
DA:170,17
DA:171,17
DA:172,16
DA:175,1
DA:179,1
DA:180,1
DA:184,0
DA:198,3
DA:223,14
DA:224,14
DA:225,1
DA:242,3
LF:71
LH:70
BRDA:28,0,0,1
BRDA:28,0,1,14
BRDA:30,1,0,2
BRDA:30,1,1,12
BRDA:32,2,0,1
BRDA:32,2,1,11
BRDA:34,3,0,1
BRDA:34,3,1,10
BRDA:34,4,0,11
BRDA:34,4,1,11
BRDA:39,5,0,2
BRDA:39,5,1,13
BRDA:41,6,0,2
BRDA:41,6,1,11
BRDA:52,7,0,8
BRDA:52,7,1,7
BRDA:57,8,0,1
BRDA:57,8,1,6
BRDA:76,9,0,2
BRDA:76,9,1,3
BRDA:78,10,0,2
BRDA:78,10,1,1
BRDA:115,11,0,4
BRDA:115,11,1,95
BRDA:161,12,0,1
BRDA:161,12,1,17
BRDA:167,13,0,18
BRDA:167,13,1,0
BRDA:171,14,0,16
BRDA:171,14,1,1
BRDA:179,15,0,1
BRDA:179,15,1,0
BRDA:189,16,0,2
BRDA:189,16,1,93
BRDA:192,17,0,5
BRDA:192,17,1,90
BRDA:200,18,0,2
BRDA:200,18,1,93
BRDA:203,19,0,2
BRDA:203,19,1,93
BRDA:208,20,0,95
BRDA:208,20,1,5
BRDA:224,21,0,1
BRDA:224,21,1,13
BRDA:233,22,0,2
BRDA:233,22,1,93
BRDA:236,23,0,4
BRDA:236,23,1,91
BRDA:245,24,0,2
BRDA:245,24,1,93
BRDA:251,25,0,2
BRDA:251,25,1,93
BRDA:258,26,0,95
BRDA:258,26,1,4
BRDA:261,27,0,95
BRDA:261,27,1,4
BRDA:270,28,0,6
BRDA:270,28,1,89
BRF:58
BRH:56
end_of_record
TN:
SF:src\pages\Auth\SingupForm.jsx
FN:9,SignupForm
FN:12,(anonymous_1)
FN:13,(anonymous_2)
FN:33,validateForm
FN:68,handleSubmit
FN:114,(anonymous_5)
FN:159,(anonymous_6)
FN:163,(anonymous_7)
FN:195,(anonymous_8)
FN:199,(anonymous_9)
FN:231,(anonymous_10)
FN:238,(anonymous_11)
FN:278,(anonymous_12)
FN:279,(anonymous_13)
FN:305,(anonymous_14)
FN:309,(anonymous_15)
FN:330,(anonymous_16)
FN:331,(anonymous_17)
FNF:18
FNH:11
FNDA:57,SignupForm
FNDA:10,(anonymous_1)
FNDA:10,(anonymous_2)
FNDA:8,validateForm
FNDA:8,handleSubmit
FNDA:0,(anonymous_5)
FNDA:7,(anonymous_6)
FNDA:0,(anonymous_7)
FNDA:7,(anonymous_8)
FNDA:0,(anonymous_9)
FNDA:7,(anonymous_10)
FNDA:0,(anonymous_11)
FNDA:1,(anonymous_12)
FNDA:1,(anonymous_13)
FNDA:7,(anonymous_14)
FNDA:0,(anonymous_15)
FNDA:0,(anonymous_16)
FNDA:0,(anonymous_17)
DA:10,57
DA:11,57
DA:12,57
DA:13,10
DA:14,10
DA:15,2
DA:20,57
DA:21,57
DA:22,57
DA:23,57
DA:24,57
DA:25,57
DA:26,57
DA:27,57
DA:28,57
DA:29,57
DA:30,57
DA:32,57
DA:34,8
DA:35,8
DA:37,8
DA:38,1
DA:39,7
DA:40,1
DA:43,8
DA:44,1
DA:45,7
DA:46,1
DA:47,6
DA:48,0
DA:50,6
DA:51,1
DA:55,8
DA:56,1
DA:57,7
DA:58,1
DA:61,8
DA:62,1
DA:65,8
DA:69,8
DA:71,8
DA:73,0
DA:75,8
DA:77,8
DA:78,4
DA:79,4
DA:82,4
DA:83,4
DA:85,4
DA:86,4
DA:95,4
DA:97,4
DA:98,2
DA:99,2
DA:101,2
DA:114,2
DA:115,0
DA:117,2
DA:119,2
DA:120,2
DA:121,1
DA:125,1
DA:129,2
DA:132,0
DA:136,4
DA:141,57
DA:160,7
DA:162,7
DA:163,0
DA:196,7
DA:198,7
DA:199,0
DA:232,7
DA:233,7
DA:234,7
DA:235,7
DA:237,7
DA:238,0
DA:244,7
DA:246,7
DA:247,7
DA:248,7
DA:251,7
DA:252,7
DA:255,0
DA:258,0
DA:259,0
DA:279,1
DA:306,7
DA:308,7
DA:309,0
DA:331,0
LF:92
LH:80
BRDA:14,0,0,2
BRDA:14,0,1,8
BRDA:37,1,0,1
BRDA:37,1,1,7
BRDA:39,2,0,1
BRDA:39,2,1,6
BRDA:43,3,0,1
BRDA:43,3,1,7
BRDA:45,4,0,1
BRDA:45,4,1,6
BRDA:47,5,0,0
BRDA:47,5,1,6
BRDA:50,6,0,1
BRDA:50,6,1,5
BRDA:50,7,0,6
BRDA:50,7,1,5
BRDA:55,8,0,1
BRDA:55,8,1,7
BRDA:57,9,0,1
BRDA:57,9,1,6
BRDA:61,10,0,1
BRDA:61,10,1,7
BRDA:71,11,0,0
BRDA:71,11,1,8
BRDA:77,12,0,4
BRDA:77,12,1,4
BRDA:97,13,0,2
BRDA:97,13,1,2
BRDA:119,14,0,2
BRDA:119,14,1,0
BRDA:120,15,0,1
BRDA:120,15,1,1
BRDA:126,16,0,1
BRDA:126,16,1,0
BRDA:162,17,0,0
BRDA:162,17,1,7
BRDA:174,18,0,1
BRDA:174,18,1,56
BRDA:176,19,0,1
BRDA:176,19,1,56
BRDA:180,20,0,57
BRDA:180,20,1,1
BRDA:198,21,0,0
BRDA:198,21,1,7
BRDA:210,22,0,4
BRDA:210,22,1,53
BRDA:212,23,0,4
BRDA:212,23,1,53
BRDA:216,24,0,57
BRDA:216,24,1,4
BRDA:237,25,0,0
BRDA:237,25,1,7
BRDA:244,26,0,7
BRDA:244,26,1,0
BRDA:251,27,0,7
BRDA:251,27,1,0
BRDA:258,28,0,0
BRDA:258,28,1,0
BRDA:266,29,0,1
BRDA:266,29,1,56
BRDA:269,30,0,5
BRDA:269,30,1,52
BRDA:272,31,0,5
BRDA:272,31,1,52
BRDA:281,32,0,1
BRDA:281,32,1,56
BRDA:284,33,0,1
BRDA:284,33,1,56
BRDA:290,34,0,57
BRDA:290,34,1,5
BRDA:308,35,0,0
BRDA:308,35,1,7
BRDA:316,36,0,0
BRDA:316,36,1,57
BRDA:320,37,0,2
BRDA:320,37,1,55
BRDA:324,38,0,2
BRDA:324,38,1,55
BRDA:334,39,0,0
BRDA:334,39,1,57
BRDA:340,40,0,0
BRDA:340,40,1,57
BRDA:344,41,0,57
BRDA:344,41,1,2
BRDA:387,42,0,57
BRDA:387,42,1,1
BRDA:393,43,0,57
BRDA:393,43,1,50
BRDA:396,44,0,3
BRDA:396,44,1,54
BRDA:398,45,0,4
BRDA:398,45,1,50
BRDA:411,46,0,57
BRDA:411,46,1,1
BRF:94
BRH:79
end_of_record
TN:
SF:src\pages\Dashboard\components\NoteCard.jsx
FN:7,NoteCard
FN:16,getPreview
FN:24,(anonymous_2)
FN:60,(anonymous_3)
FN:63,(anonymous_4)
FNF:5
FNH:5
FNDA:28,NoteCard
FNDA:28,getPreview
FNDA:1,(anonymous_2)
FNDA:9,(anonymous_3)
FNDA:9,(anonymous_4)
DA:15,28
DA:17,28
DA:23,28
DA:24,1
DA:61,9
DA:62,9
DA:63,9
LF:7
LH:7
BRDA:7,0,0,28
BRDA:8,1,0,27
BRDA:11,2,0,25
BRDA:12,3,0,28
BRDA:24,4,0,0
BRDA:24,4,1,28
BRDA:24,5,0,8
BRDA:24,5,1,20
BRDA:40,6,0,0
BRDA:40,6,1,28
BRDA:41,7,0,28
BRDA:41,7,1,2
BRDA:41,7,2,1
BRDA:47,8,0,28
BRDA:47,8,1,27
BRDA:48,9,0,26
BRDA:48,9,1,1
BRDA:54,10,0,28
BRDA:54,10,1,26
BRDA:54,10,2,3
BRDA:64,11,0,28
BRDA:64,11,1,8
BRF:22
BRH:20
end_of_record
TN:
SF:src\pages\Dashboard\components\UserMenu.jsx
FN:3,UserMenu
FNF:1
FNH:1
FNDA:4,UserMenu
DA:4,4
DA:9,4
DA:10,4
LF:3
LH:3
BRF:0
BRH:0
end_of_record
TN:
SF:src\pages\Dashboard\components\note_components\NoteActionBar.jsx
FN:8,NoteActionBar
FN:12,handleSortBy
FN:17,handleSortOrder
FN:23,handleImport
FN:33,(anonymous_4)
FN:40,(anonymous_5)
FN:46,(anonymous_6)
FN:49,(anonymous_7)
FN:59,(anonymous_8)
FN:88,(anonymous_9)
FN:106,(anonymous_10)
FN:106,(anonymous_11)
FN:123,(anonymous_12)
FN:136,(anonymous_13)
FN:149,(anonymous_14)
FN:168,(anonymous_15)
FN:181,(anonymous_16)
FN:196,(anonymous_17)
FNF:18
FNH:16
FNDA:34,NoteActionBar
FNDA:3,handleSortBy
FNDA:3,handleSortOrder
FNDA:7,handleImport
FNDA:7,(anonymous_4)
FNDA:1,(anonymous_5)
FNDA:7,(anonymous_6)
FNDA:7,(anonymous_7)
FNDA:2,(anonymous_8)
FNDA:0,(anonymous_9)
FNDA:11,(anonymous_10)
FNDA:11,(anonymous_11)
FNDA:1,(anonymous_12)
FNDA:1,(anonymous_13)
FNDA:1,(anonymous_14)
FNDA:2,(anonymous_15)
FNDA:1,(anonymous_16)
FNDA:0,(anonymous_17)
DA:9,34
DA:11,34
DA:13,3
DA:18,3
DA:19,3
DA:24,7
DA:26,7
DA:27,1
DA:30,6
DA:31,6
DA:33,6
DA:34,7
DA:36,7
DA:37,6
DA:38,2
DA:40,4
DA:41,1
DA:42,1
DA:46,6
DA:47,7
DA:49,7
DA:50,7
DA:51,7
DA:53,7
DA:54,2
DA:56,2
DA:60,2
DA:65,1
DA:66,1
DA:67,1
DA:70,1
DA:71,5
DA:72,4
DA:77,1
DA:78,1
DA:79,1
DA:81,5
DA:83,0
DA:84,0
DA:88,7
DA:89,0
DA:90,0
DA:93,7
DA:96,6
DA:100,34
DA:106,11
DA:123,1
DA:136,1
DA:149,1
DA:168,2
DA:181,1
DA:196,0
LF:52
LH:47
BRDA:26,0,0,1
BRDA:26,0,1,6
BRDA:36,1,0,6
BRDA:36,1,1,1
BRDA:37,2,0,2
BRDA:37,2,1,4
BRDA:53,3,0,2
BRDA:53,3,1,5
BRDA:56,4,0,1
BRDA:56,4,1,1
BRDA:57,5,0,2
BRDA:57,5,1,2
BRDA:60,6,0,2
BRDA:60,6,1,2
BRDA:60,6,2,2
BRDA:60,6,3,2
BRDA:71,7,0,4
BRDA:71,7,1,1
BRDA:113,8,0,34
BRDA:113,8,1,10
BRDA:128,9,0,10
BRDA:128,9,1,7
BRDA:141,10,0,10
BRDA:141,10,1,3
BRDA:154,11,0,10
BRDA:154,11,1,0
BRDA:173,12,0,10
BRDA:173,12,1,4
BRDA:186,13,0,10
BRDA:186,13,1,6
BRF:30
BRH:29
end_of_record
TN:
SF:src\pages\Dashboard\views\EditProfile.jsx
FN:8,EditProfile
FN:25,(anonymous_1)
FN:34,(anonymous_2)
FN:37,(anonymous_3)
FN:43,(anonymous_4)
FN:66,(anonymous_5)
FN:85,(anonymous_6)
FN:96,(anonymous_7)
FN:135,(anonymous_8)
FN:181,(anonymous_9)
FNF:10
FNH:10
FNDA:55,EditProfile
FNDA:17,(anonymous_1)
FNDA:5,(anonymous_2)
FNDA:5,(anonymous_3)
FNDA:4,(anonymous_4)
FNDA:2,(anonymous_5)
FNDA:1,(anonymous_6)
FNDA:5,(anonymous_7)
FNDA:1,(anonymous_8)
FNDA:1,(anonymous_9)
DA:9,55
DA:10,55
DA:11,55
DA:12,55
DA:13,55
DA:14,55
DA:18,55
DA:19,55
DA:20,55
DA:21,55
DA:22,55
DA:23,55
DA:25,55
DA:26,17
DA:27,17
DA:34,55
DA:35,5
DA:37,5
DA:43,55
DA:44,4
DA:46,4
DA:47,4
DA:49,4
DA:50,1
DA:51,1
DA:54,3
DA:55,1
DA:56,1
DA:59,2
DA:60,2
DA:61,2
DA:62,2
DA:64,2
DA:66,2
DA:67,2
DA:68,0
DA:71,2
DA:72,0
DA:73,0
DA:74,0
DA:75,0
DA:76,0
DA:79,2
DA:80,2
DA:83,2
DA:85,55
DA:86,1
DA:87,1
DA:88,1
DA:89,1
DA:90,1
DA:91,1
DA:92,1
DA:96,55
DA:97,5
DA:99,5
DA:101,5
DA:102,1
DA:103,1
DA:106,4
DA:107,4
DA:109,4
DA:110,4
DA:120,3
DA:122,1
DA:124,4
DA:127,55
DA:135,1
DA:181,1
LF:69
LH:63
BRDA:26,0,0,17
BRDA:26,0,1,0
BRDA:28,1,0,17
BRDA:28,1,1,0
BRDA:29,2,0,17
BRDA:29,2,1,0
BRDA:46,3,0,0
BRDA:46,3,1,4
BRDA:49,4,0,1
BRDA:49,4,1,3
BRDA:54,5,0,1
BRDA:54,5,1,2
BRDA:67,6,0,0
BRDA:67,6,1,2
BRDA:71,7,0,0
BRDA:71,7,1,2
BRDA:71,8,0,2
BRDA:71,8,1,2
BRDA:91,9,0,1
BRDA:91,9,1,0
BRDA:101,10,0,1
BRDA:101,10,1,4
BRDA:113,11,0,0
BRDA:113,11,1,4
BRDA:113,12,0,4
BRDA:113,12,1,0
BRDA:115,13,0,0
BRDA:115,13,1,4
BRDA:155,14,0,55
BRDA:155,14,1,4
BRDA:165,15,0,54
BRDA:165,15,1,1
BRDA:165,16,0,55
BRDA:165,16,1,53
BRDA:165,16,2,53
BRDA:167,17,0,54
BRDA:167,17,1,52
BRDA:173,18,0,1
BRDA:173,18,1,0
BRDA:202,19,0,55
BRDA:202,19,1,53
BRDA:202,19,2,53
BRDA:202,19,3,54
BRDA:223,20,0,55
BRDA:223,20,1,0
BRDA:271,21,0,55
BRDA:271,21,1,53
BRDA:271,21,2,49
BRDA:274,22,0,4
BRDA:274,22,1,51
BRDA:274,23,0,2
BRDA:274,23,1,49
BRF:52
BRH:40
end_of_record
TN:
SF:src\pages\Dashboard\views\NoteView.jsx
FN:10,NoteView
FN:16,(anonymous_1)
FN:24,(anonymous_2)
FN:41,(anonymous_3)
FN:58,(anonymous_4)
FN:109,(anonymous_5)
FN:119,(anonymous_6)
FN:128,handleCancel
FN:147,(anonymous_8)
FN:157,(anonymous_9)
FNF:10
FNH:10
FNDA:91,NoteView
FNDA:27,(anonymous_1)
FNDA:89,(anonymous_2)
FNDA:27,(anonymous_3)
FNDA:15,(anonymous_4)
FNDA:12,(anonymous_5)
FNDA:9,(anonymous_6)
FNDA:4,handleCancel
FNDA:1,(anonymous_8)
FNDA:1,(anonymous_9)
DA:11,91
DA:12,91
DA:13,91
DA:14,91
DA:15,91
DA:16,91
DA:17,27
DA:19,27
DA:20,0
DA:23,91
DA:24,91
DA:25,91
DA:26,91
DA:27,91
DA:28,91
DA:30,91
DA:41,91
DA:42,27
DA:44,16
DA:45,16
DA:46,16
DA:47,11
DA:49,9
DA:50,9
DA:51,9
DA:52,9
DA:53,9
DA:58,91
DA:59,15
DA:60,3
DA:64,12
DA:65,12
DA:66,4
DA:67,4
DA:69,8
DA:70,8
DA:71,8
DA:72,8
DA:76,8
DA:77,4
DA:78,4
DA:79,4
DA:81,2
DA:83,0
DA:85,5
DA:86,5
DA:89,3
DA:91,3
DA:92,0
DA:93,0
DA:94,0
DA:96,0
DA:101,3
DA:104,3
DA:109,91
DA:110,12
DA:111,12
DA:112,12
DA:113,12
DA:114,12
DA:119,91
DA:120,9
DA:121,9
DA:122,9
DA:123,9
DA:124,9
DA:129,4
DA:131,3
DA:134,3
DA:135,2
DA:139,2
DA:142,91
DA:143,4
DA:147,1
DA:152,87
DA:153,2
DA:157,1
DA:161,85
LF:78
LH:72
BRDA:19,0,0,0
BRDA:19,0,1,27
BRDA:42,1,0,16
BRDA:42,1,1,11
BRDA:44,2,0,16
BRDA:44,2,1,0
BRDA:45,3,0,16
BRDA:45,3,1,0
BRDA:47,4,0,9
BRDA:47,4,1,2
BRDA:59,5,0,3
BRDA:59,5,1,12
BRDA:59,6,0,15
BRDA:59,6,1,4
BRDA:59,6,2,4
BRDA:65,7,0,4
BRDA:65,7,1,8
BRDA:76,8,0,4
BRDA:76,8,1,4
BRDA:78,9,0,4
BRDA:78,9,1,0
BRDA:85,10,0,5
BRDA:85,10,1,0
BRDA:91,11,0,0
BRDA:91,11,1,3
BRDA:91,12,0,3
BRDA:91,12,1,1
BRDA:97,13,0,0
BRDA:97,13,1,0
BRDA:101,14,0,3
BRDA:101,14,1,0
BRDA:113,15,0,12
BRDA:113,15,1,0
BRDA:113,16,0,12
BRDA:113,16,1,0
BRDA:123,17,0,9
BRDA:123,17,1,0
BRDA:123,18,0,9
BRDA:123,18,1,2
BRDA:129,19,0,3
BRDA:129,19,1,1
BRDA:129,20,0,4
BRDA:129,20,1,2
BRDA:129,20,2,1
BRDA:134,21,0,2
BRDA:134,21,1,1
BRDA:142,22,0,4
BRDA:142,22,1,87
BRDA:152,23,0,2
BRDA:152,23,1,85
BRDA:152,24,0,87
BRDA:152,24,1,40
BRF:52
BRH:40
end_of_record
TN:
SF:src\pages\Dashboard\views\ProfileView.jsx
FN:30,Card
FN:40,InnerElement
FN:64,ProfileView
FN:71,(anonymous_3)
FN:76,(anonymous_4)
FN:78,(anonymous_5)
FN:79,(anonymous_6)
FN:84,(anonymous_7)
FN:190,(anonymous_8)
FN:252,(anonymous_9)
FN:263,(anonymous_10)
FN:274,(anonymous_11)
FNF:12
FNH:12
FNDA:186,Card
FNDA:552,InnerElement
FNDA:34,ProfileView
FNDA:130,(anonymous_3)
FNDA:130,(anonymous_4)
FNDA:130,(anonymous_5)
FNDA:130,(anonymous_6)
FNDA:130,(anonymous_7)
FNDA:87,(anonymous_8)
FNDA:1,(anonymous_9)
FNDA:1,(anonymous_10)
FNDA:1,(anonymous_11)
DA:31,186
DA:49,552
DA:65,34
DA:66,34
DA:67,34
DA:68,34
DA:70,34
DA:71,130
DA:73,34
DA:75,34
DA:76,130
DA:78,130
DA:79,130
DA:82,34
DA:85,130
DA:90,34
DA:91,1
DA:94,33
DA:95,2
DA:104,31
DA:191,87
DA:252,1
DA:263,1
DA:274,1
LF:24
LH:24
BRDA:30,0,0,0
BRDA:42,1,0,0
BRDA:43,2,0,180
BRDA:44,3,0,180
BRDA:45,4,0,552
BRDA:47,5,0,428
BRDA:73,6,0,32
BRDA:73,6,1,2
BRDA:76,7,0,130
BRDA:76,7,1,64
BRDA:85,8,0,130
BRDA:85,8,1,0
BRDA:86,9,0,130
BRDA:86,9,1,0
BRDA:90,10,0,1
BRDA:90,10,1,33
BRDA:94,11,0,2
BRDA:94,11,1,31
BRDA:108,12,0,0
BRDA:108,12,1,31
BRDA:113,13,0,1
BRDA:113,13,1,30
BRDA:116,14,0,1
BRDA:116,14,1,0
BRDA:121,15,0,30
BRDA:121,15,1,1
BRDA:126,16,0,31
BRDA:126,16,1,1
BRDA:128,17,0,31
BRDA:128,17,1,0
BRDA:163,18,0,31
BRDA:163,18,1,0
BRDA:169,19,0,31
BRDA:169,19,1,0
BRDA:174,20,0,0
BRDA:174,20,1,31
BRDA:189,21,0,29
BRDA:189,21,1,2
BRDA:194,22,0,87
BRDA:194,22,1,0
BRDA:197,23,0,87
BRDA:197,23,1,0
BRDA:201,24,0,87
BRDA:201,24,1,29
BRDA:234,25,0,30
BRDA:234,25,1,1
BRDA:254,26,0,31
BRDA:254,26,1,0
BRDA:265,27,0,0
BRDA:265,27,1,31
BRDA:276,28,0,0
BRDA:276,28,1,31
BRDA:286,29,0,0
BRDA:286,29,1,31
BRDA:354,30,0,0
BRDA:354,30,1,31
BRDA:367,31,0,31
BRDA:367,31,1,29
BRDA:383,32,0,2
BRDA:383,32,1,29
BRDA:385,33,0,1
BRDA:385,33,1,28
BRDA:391,34,0,2
BRDA:391,34,1,29
BRDA:407,35,0,31
BRDA:407,35,1,2
BRF:66
BRH:49
end_of_record
TN:
SF:src\pages\Dashboard\views\main_content\AllNotesView.jsx
FN:9,AllNotesView
FN:18,(anonymous_1)
FN:18,(anonymous_2)
FN:23,handleSort
FN:28,(anonymous_4)
FN:31,(anonymous_5)
FN:94,(anonymous_6)
FN:102,(anonymous_7)
FN:107,(anonymous_8)
FN:108,(anonymous_9)
FN:109,(anonymous_10)
FN:115,(anonymous_11)
FNF:12
FNH:11
FNDA:21,AllNotesView
FNDA:16,(anonymous_1)
FNDA:38,(anonymous_2)
FNDA:5,handleSort
FNDA:21,(anonymous_4)
FNDA:18,(anonymous_5)
FNDA:1,(anonymous_6)
FNDA:36,(anonymous_7)
FNDA:1,(anonymous_8)
FNDA:1,(anonymous_9)
FNDA:1,(anonymous_10)
FNDA:0,(anonymous_11)
DA:10,21
DA:11,21
DA:12,21
DA:13,21
DA:14,21
DA:17,21
DA:18,38
DA:24,5
DA:25,5
DA:28,21
DA:29,21
DA:31,21
DA:32,18
DA:34,16
DA:36,16
DA:37,15
DA:40,3
DA:43,3
DA:44,1
DA:48,3
DA:49,0
DA:53,3
DA:54,2
DA:58,3
DA:59,2
DA:61,3
DA:64,21
DA:67,21
DA:94,1
DA:103,36
DA:107,1
DA:108,1
DA:109,1
DA:115,0
LF:34
LH:32
BRDA:18,0,0,16
BRDA:18,0,1,1
BRDA:32,1,0,16
BRDA:32,1,1,2
BRDA:36,2,0,15
BRDA:36,2,1,1
BRDA:43,3,0,1
BRDA:43,3,1,2
BRDA:45,4,0,1
BRDA:45,4,1,1
BRDA:46,5,0,1
BRDA:46,5,1,1
BRDA:48,6,0,0
BRDA:48,6,1,3
BRDA:49,7,0,0
BRDA:49,7,1,0
BRDA:50,8,0,0
BRDA:50,8,1,0
BRDA:53,9,0,2
BRDA:53,9,1,1
BRDA:58,10,0,2
BRDA:58,10,1,1
BRDA:78,11,0,1
BRDA:78,11,1,20
BRDA:82,12,0,3
BRDA:82,12,1,18
BRF:26
BRH:21
end_of_record
TN:
SF:src\pages\Dashboard\views\main_content\PinnedView.jsx
FN:5,PinnedView
FN:8,(anonymous_1)
FN:14,(anonymous_2)
FN:23,(anonymous_3)
FN:24,(anonymous_4)
FN:25,(anonymous_5)
FNF:6
FNH:6
FNDA:11,PinnedView
FNDA:26,(anonymous_1)
FNDA:9,(anonymous_2)
FNDA:1,(anonymous_3)
FNDA:1,(anonymous_4)
FNDA:1,(anonymous_5)
DA:6,11
DA:7,11
DA:8,26
DA:9,11
DA:15,9
DA:23,1
DA:24,1
DA:25,1
LF:8
LH:8
BRDA:8,0,0,26
BRDA:8,0,1,17
BRDA:10,1,0,1
BRDA:10,1,1,10
BRDA:11,2,0,3
BRDA:11,2,1,8
BRF:6
BRH:6
end_of_record
TN:
SF:src\pages\Dashboard\views\main_content\RecentView.jsx
FN:7,RecentView
FN:13,(anonymous_1)
FN:15,(anonymous_2)
FN:33,(anonymous_3)
FN:60,(anonymous_4)
FN:60,(anonymous_5)
FNF:6
FNH:6
FNDA:13,RecentView
FNDA:59,(anonymous_1)
FNDA:45,(anonymous_2)
FNDA:47,(anonymous_3)
FNDA:1,(anonymous_4)
FNDA:1,(anonymous_5)
DA:8,13
DA:9,13
DA:10,13
DA:12,13
DA:13,59
DA:16,45
DA:19,13
DA:21,13
DA:34,47
DA:60,1
LF:10
LH:10
BRDA:12,0,0,13
BRDA:12,0,1,1
BRDA:25,1,0,1
BRDA:25,1,1,12
BRDA:28,2,0,3
BRDA:28,2,1,10
BRDA:57,3,0,13
BRDA:57,3,1,3
BRF:8
BRH:8
end_of_record
TN:
SF:src\pages\Dashboard\views\main_content\TrashView.jsx
FN:7,TrashView
FN:11,(anonymous_1)
FN:13,openDeleteModal
FN:16,closeDeleteModal
FN:20,handleDeleteForever
FN:39,(anonymous_5)
FN:55,(anonymous_6)
FN:62,(anonymous_7)
FNF:8
FNH:8
FNDA:22,TrashView
FNDA:61,(anonymous_1)
FNDA:5,openDeleteModal
FNDA:3,closeDeleteModal
FNDA:2,handleDeleteForever
FNDA:40,(anonymous_5)
FNDA:1,(anonymous_6)
FNDA:5,(anonymous_7)
DA:8,22
DA:9,22
DA:10,22
DA:11,61
DA:14,5
DA:17,3
DA:21,2
DA:22,0
DA:24,2
DA:25,2
DA:27,2
DA:31,22
DA:40,40
DA:55,1
DA:62,5
LF:15
LH:14
BRDA:21,0,0,0
BRDA:21,0,1,2
BRDA:34,1,0,1
BRDA:34,1,1,21
BRDA:36,2,0,2
BRDA:36,2,1,20
BRDA:42,3,0,2
BRDA:42,3,1,38
BRF:8
BRH:7
end_of_record
TN:
SF:src\utils\formateDate.js
FN:1,formatDate
FNF:1
FNH:1
FNDA:87,formatDate
DA:2,87
DA:3,87
DA:4,87
DA:6,87
DA:7,87
DA:8,0
DA:10,87
DA:11,87
DA:12,0
DA:14,87
DA:15,87
DA:16,0
DA:18,87
DA:19,87
DA:20,5
DA:22,82
DA:23,71
DA:27,11
LF:18
LH:15
BRDA:2,0,0,0
BRDA:2,0,1,87
BRDA:7,1,0,0
BRDA:7,1,1,87
BRDA:11,2,0,0
BRDA:11,2,1,87
BRDA:15,3,0,0
BRDA:15,3,1,87
BRDA:19,4,0,5
BRDA:19,4,1,82
BRDA:22,5,0,71
BRDA:22,5,1,11
BRDA:30,6,0,0
BRDA:30,6,1,11
BRF:14
BRH:9
end_of_record
