TN:
SF:src\config\prisma.js
FNF:0
FNH:0
DA:1,1
DA:2,1
DA:3,1
DA:4,0
DA:5,0
DA:6,1
DA:7,1
DA:8,1
DA:9,1
DA:10,0
DA:11,0
DA:12,1
DA:13,1
DA:14,1
DA:15,1
DA:16,1
DA:17,1
DA:18,1
DA:19,1
DA:20,1
DA:21,1
DA:22,1
LF:22
LH:18
BRDA:1,0,0,1
BRDA:3,1,0,0
BRDA:9,2,0,0
BRDA:15,3,0,0
BRF:4
BRH:1
end_of_record
TN:
SF:src\controllers\authController.js
FN:9,signup
FN:102,login
FN:167,logout
FN:179,forgotPassword
FN:256,resetPassword
FN:346,getCurrentUser
FNF:6
FNH:6
FNDA:6,signup
FNDA:4,login
FNDA:1,logout
FNDA:3,forgotPassword
FNDA:6,resetPassword
FNDA:3,getCurrentUser
DA:1,1
DA:2,1
DA:3,1
DA:4,1
DA:5,1
DA:6,1
DA:7,1
DA:8,1
DA:9,1
DA:10,6
DA:11,6
DA:12,6
DA:13,6
DA:14,6
DA:15,6
DA:16,6
DA:17,6
DA:18,5
DA:19,6
DA:20,1
DA:21,1
DA:22,1
DA:23,1
DA:24,5
DA:25,6
DA:26,1
DA:27,1
DA:28,1
DA:29,1
DA:30,6
DA:31,1
DA:32,1
DA:33,1
DA:34,1
DA:35,3
DA:36,3
DA:37,3
DA:38,3
DA:39,6
DA:40,6
DA:41,2
DA:42,6
DA:43,1
DA:44,1
DA:45,1
DA:46,1
DA:47,2
DA:48,2
DA:49,2
DA:50,2
DA:51,2
DA:52,2
DA:53,2
DA:54,2
DA:55,2
DA:56,6
DA:57,1
DA:58,1
DA:59,1
DA:60,1
DA:61,1
DA:62,1
DA:63,1
DA:64,1
DA:65,1
DA:66,1
DA:67,1
DA:68,1
DA:69,1
DA:70,1
DA:71,1
DA:72,1
DA:73,1
DA:74,1
DA:75,1
DA:76,1
DA:77,1
DA:78,1
DA:79,1
DA:80,1
DA:81,6
DA:82,0
DA:83,0
DA:84,0
DA:85,0
DA:86,0
DA:87,0
DA:88,0
DA:89,0
DA:90,0
DA:91,0
DA:92,0
DA:93,0
DA:94,0
DA:95,0
DA:96,0
DA:97,0
DA:98,0
DA:99,0
DA:100,1
DA:101,1
DA:102,1
DA:103,4
DA:104,4
DA:105,4
DA:106,1
DA:107,1
DA:108,1
DA:109,1
DA:110,3
DA:111,3
DA:112,3
DA:113,3
DA:114,3
DA:115,3
DA:116,4
DA:117,1
DA:118,1
DA:119,1
DA:120,1
DA:121,2
DA:122,2
DA:123,2
DA:124,4
DA:125,1
DA:126,1
DA:127,1
DA:128,1
DA:129,1
DA:130,1
DA:131,1
DA:132,1
DA:133,1
DA:134,1
DA:135,1
DA:136,1
DA:137,1
DA:138,1
DA:139,1
DA:140,1
DA:141,1
DA:142,1
DA:143,1
DA:144,1
DA:145,1
DA:146,1
DA:147,1
DA:148,1
DA:149,1
DA:150,1
DA:151,4
DA:152,0
DA:153,0
DA:154,0
DA:155,0
DA:156,0
DA:157,0
DA:158,0
DA:159,0
DA:160,0
DA:161,0
DA:162,0
DA:163,0
DA:164,0
DA:165,1
DA:166,1
DA:167,1
DA:168,1
DA:169,1
DA:170,1
DA:171,1
DA:172,1
DA:173,1
DA:174,1
DA:175,1
DA:176,1
DA:177,1
DA:178,1
DA:179,1
DA:180,3
DA:181,3
DA:182,3
DA:183,1
DA:184,1
DA:185,1
DA:186,1
DA:187,2
DA:188,2
DA:189,2
DA:190,2
DA:191,2
DA:192,2
DA:193,2
DA:194,3
DA:195,1
DA:196,1
DA:197,1
DA:198,1
DA:199,1
DA:200,1
DA:201,1
DA:202,1
DA:203,1
DA:204,1
DA:205,1
DA:206,1
DA:207,1
DA:208,1
DA:209,1
DA:210,1
DA:211,1
DA:212,1
DA:213,1
DA:214,1
DA:215,1
DA:216,1
DA:217,1
DA:218,1
DA:219,1
DA:220,1
DA:221,1
DA:222,1
DA:223,1
DA:224,1
DA:225,1
DA:226,1
DA:227,3
DA:228,0
DA:229,0
DA:230,0
DA:231,0
DA:232,0
DA:233,0
DA:234,0
DA:235,0
DA:236,1
DA:237,1
DA:238,1
DA:239,1
DA:240,3
DA:241,0
DA:242,0
DA:243,0
DA:244,0
DA:245,0
DA:246,0
DA:247,0
DA:248,0
DA:249,0
DA:250,0
DA:251,0
DA:252,0
DA:253,0
DA:254,1
DA:255,1
DA:256,1
DA:257,6
DA:258,6
DA:259,6
DA:260,6
DA:261,6
DA:262,6
DA:263,5
DA:264,6
DA:265,1
DA:266,1
DA:267,1
DA:268,1
DA:269,6
DA:270,1
DA:271,1
DA:272,1
DA:273,1
DA:274,4
DA:275,6
DA:276,1
DA:277,1
DA:278,1
DA:279,1
DA:280,3
DA:281,3
DA:282,3
DA:283,3
DA:284,3
DA:285,3
DA:286,3
DA:287,3
DA:288,3
DA:289,3
DA:290,6
DA:291,1
DA:292,1
DA:293,1
DA:294,1
DA:295,2
DA:296,2
DA:297,6
DA:298,1
DA:299,1
DA:300,1
DA:301,1
DA:302,1
DA:303,1
DA:304,1
DA:305,1
DA:306,1
DA:307,1
DA:308,1
DA:309,1
DA:310,1
DA:311,1
DA:312,1
DA:313,1
DA:314,1
DA:315,1
DA:316,1
DA:317,1
DA:318,1
DA:319,1
DA:320,1
DA:321,1
DA:322,1
DA:323,1
DA:324,1
DA:325,1
DA:326,1
DA:327,1
DA:328,1
DA:329,6
DA:330,0
DA:331,0
DA:332,0
DA:333,0
DA:334,0
DA:335,0
DA:336,0
DA:337,0
DA:338,0
DA:339,0
DA:340,0
DA:341,0
DA:342,0
DA:343,1
DA:344,1
DA:345,1
DA:346,1
DA:347,3
DA:348,3
DA:349,3
DA:350,3
DA:351,3
DA:352,3
DA:353,3
DA:354,3
DA:355,3
DA:356,3
DA:357,3
DA:358,2
DA:359,3
DA:360,1
DA:361,1
DA:362,1
DA:363,1
DA:364,1
DA:365,1
DA:366,1
DA:367,1
DA:368,1
DA:369,1
DA:370,1
DA:371,1
DA:372,1
DA:373,1
DA:374,1
DA:375,1
DA:376,1
DA:377,1
DA:378,1
DA:379,1
DA:380,1
DA:381,1
DA:382,1
DA:383,1
DA:384,1
DA:385,1
DA:386,1
DA:387,1
DA:388,1
DA:389,1
DA:390,1
DA:391,1
DA:392,1
LF:392
LH:327
BRDA:1,0,0,1
BRDA:9,1,0,6
BRDA:13,2,0,5
BRDA:14,3,0,5
BRDA:15,4,0,5
BRDA:16,5,0,5
BRDA:17,6,0,5
BRDA:19,7,0,1
BRDA:24,8,0,5
BRDA:25,9,0,1
BRDA:30,10,0,4
BRDA:30,11,0,1
BRDA:35,12,0,3
BRDA:39,13,0,2
BRDA:40,14,0,2
BRDA:42,15,0,1
BRDA:47,16,0,2
BRDA:56,17,0,1
BRDA:81,18,0,0
BRDA:102,19,0,4
BRDA:105,20,0,1
BRDA:110,21,0,3
BRDA:116,22,0,1
BRDA:121,23,0,2
BRDA:124,24,0,1
BRDA:151,25,0,0
BRDA:167,26,0,1
BRDA:179,27,0,3
BRDA:182,28,0,1
BRDA:187,29,0,2
BRDA:194,30,0,1
BRDA:227,31,0,0
BRDA:236,32,0,1
BRDA:240,33,0,0
BRDA:256,34,0,6
BRDA:261,35,0,5
BRDA:262,36,0,5
BRDA:264,37,0,1
BRDA:269,38,0,5
BRDA:269,39,0,1
BRDA:274,40,0,4
BRDA:275,41,0,1
BRDA:280,42,0,3
BRDA:290,43,0,1
BRDA:295,44,0,2
BRDA:297,45,0,1
BRDA:329,46,0,0
BRDA:346,47,0,3
BRDA:358,48,0,2
BRDA:359,49,0,1
BRF:50
BRH:45
end_of_record
TN:
SF:src\controllers\noteController.js
FN:4,createNote
FN:40,getAllNotes
FN:70,updateNote
FN:143,togglePin
FN:208,moveToTrash
FN:259,restoreNote
FN:309,deleteForever
FNF:7
FNH:7
FNDA:4,createNote
FNDA:4,getAllNotes
FNDA:5,updateNote
FNDA:6,togglePin
FNDA:4,moveToTrash
FNDA:4,restoreNote
FNDA:5,deleteForever
DA:1,1
DA:2,1
DA:3,1
DA:4,1
DA:5,4
DA:6,4
DA:7,4
DA:8,1
DA:9,1
DA:10,1
DA:11,1
DA:12,3
DA:13,3
DA:14,4
DA:15,4
DA:16,4
DA:17,4
DA:18,4
DA:19,2
DA:20,2
DA:21,2
DA:22,2
DA:23,4
DA:24,1
DA:25,1
DA:26,1
DA:27,1
DA:28,1
DA:29,1
DA:30,1
DA:31,1
DA:32,1
DA:33,1
DA:34,1
DA:35,1
DA:36,1
DA:37,1
DA:38,1
DA:39,1
DA:40,1
DA:41,4
DA:42,4
DA:43,4
DA:44,4
DA:45,4
DA:46,4
DA:47,4
DA:48,4
DA:49,4
DA:50,3
DA:51,3
DA:52,3
DA:53,3
DA:54,1
DA:55,1
DA:56,1
DA:57,1
DA:58,1
DA:59,1
DA:60,1
DA:61,1
DA:62,1
DA:63,1
DA:64,1
DA:65,1
DA:66,1
DA:67,1
DA:68,1
DA:69,1
DA:70,1
DA:71,5
DA:72,5
DA:73,5
DA:74,5
DA:75,5
DA:76,1
DA:77,1
DA:78,1
DA:79,1
DA:80,4
DA:81,4
DA:82,4
DA:83,4
DA:84,4
DA:85,4
DA:86,4
DA:87,4
DA:88,4
DA:89,3
DA:90,5
DA:91,1
DA:92,1
DA:93,1
DA:94,1
DA:95,2
DA:96,2
DA:97,2
DA:98,2
DA:99,2
DA:100,2
DA:101,2
DA:102,2
DA:103,2
DA:104,5
DA:105,5
DA:106,5
DA:107,5
DA:108,5
DA:109,2
DA:110,5
DA:111,1
DA:112,1
DA:113,1
DA:114,1
DA:115,1
DA:116,1
DA:117,1
DA:118,1
DA:119,1
DA:120,1
DA:121,1
DA:122,1
DA:123,1
DA:124,1
DA:125,1
DA:126,1
DA:127,1
DA:128,1
DA:129,1
DA:130,1
DA:131,1
DA:132,1
DA:133,1
DA:134,1
DA:135,1
DA:136,1
DA:137,1
DA:138,1
DA:139,1
DA:140,1
DA:141,1
DA:142,1
DA:143,1
DA:144,6
DA:145,6
DA:146,6
DA:147,6
DA:148,6
DA:149,1
DA:150,1
DA:151,1
DA:152,1
DA:153,5
DA:154,5
DA:155,5
DA:156,5
DA:157,5
DA:158,5
DA:159,6
DA:160,1
DA:161,1
DA:162,1
DA:163,1
DA:164,3
DA:165,3
DA:166,3
DA:167,3
DA:168,3
DA:169,3
DA:170,3
DA:171,3
DA:172,3
DA:173,3
DA:174,3
DA:175,3
DA:176,3
DA:177,3
DA:178,6
DA:179,1
DA:180,1
DA:181,1
DA:182,1
DA:183,2
DA:184,2
DA:185,2
DA:186,2
DA:187,2
DA:188,2
DA:189,2
DA:190,2
DA:191,2
DA:192,6
DA:193,1
DA:194,1
DA:195,1
DA:196,1
DA:197,1
DA:198,1
DA:199,1
DA:200,1
DA:201,1
DA:202,1
DA:203,1
DA:204,1
DA:205,1
DA:206,1
DA:207,1
DA:208,1
DA:209,4
DA:210,4
DA:211,4
DA:212,4
DA:213,4
DA:214,1
DA:215,1
DA:216,1
DA:217,1
DA:218,3
DA:219,3
DA:220,3
DA:221,3
DA:222,3
DA:223,3
DA:224,4
DA:225,1
DA:226,1
DA:227,1
DA:228,1
DA:229,1
DA:230,1
DA:231,1
DA:232,1
DA:233,1
DA:234,1
DA:235,1
DA:236,1
DA:237,1
DA:238,1
DA:239,1
DA:240,1
DA:241,1
DA:242,1
DA:243,1
DA:244,1
DA:245,1
DA:246,1
DA:247,1
DA:248,1
DA:249,1
DA:250,1
DA:251,1
DA:252,1
DA:253,1
DA:254,1
DA:255,1
DA:256,1
DA:257,1
DA:258,1
DA:259,1
DA:260,4
DA:261,4
DA:262,4
DA:263,4
DA:264,1
DA:265,1
DA:266,1
DA:267,1
DA:268,3
DA:269,3
DA:270,3
DA:271,3
DA:272,3
DA:273,3
DA:274,3
DA:275,4
DA:276,1
DA:277,1
DA:278,1
DA:279,1
DA:280,1
DA:281,1
DA:282,1
DA:283,1
DA:284,1
DA:285,1
DA:286,1
DA:287,1
DA:288,1
DA:289,1
DA:290,1
DA:291,1
DA:292,1
DA:293,1
DA:294,1
DA:295,1
DA:296,1
DA:297,1
DA:298,1
DA:299,1
DA:300,1
DA:301,1
DA:302,1
DA:303,1
DA:304,1
DA:305,1
DA:306,1
DA:307,1
DA:308,1
DA:309,1
DA:310,5
DA:311,5
DA:312,5
DA:313,5
DA:314,5
DA:315,1
DA:316,1
DA:317,1
DA:318,1
DA:319,4
DA:320,4
DA:321,4
DA:322,4
DA:323,4
DA:324,4
DA:325,4
DA:326,4
DA:327,4
DA:328,5
DA:329,1
DA:330,1
DA:331,1
DA:332,1
DA:333,2
DA:334,2
DA:335,2
DA:336,2
DA:337,2
DA:338,2
DA:339,2
DA:340,2
DA:341,5
DA:342,1
DA:343,1
DA:344,1
DA:345,1
DA:346,1
DA:347,1
DA:348,1
DA:349,1
DA:350,1
DA:351,1
DA:352,1
DA:353,1
DA:354,1
DA:355,1
DA:356,1
DA:357,1
DA:358,1
DA:359,1
DA:360,1
DA:361,1
DA:362,1
DA:363,1
DA:364,1
DA:365,1
DA:366,1
DA:367,1
LF:367
LH:367
BRDA:1,0,0,1
BRDA:4,1,0,4
BRDA:7,2,0,1
BRDA:12,3,0,3
BRDA:14,4,0,1
BRDA:19,5,0,2
BRDA:23,6,0,1
BRDA:40,7,0,4
BRDA:50,8,0,3
BRDA:54,9,0,1
BRDA:70,10,0,5
BRDA:75,11,0,4
BRDA:75,12,0,1
BRDA:80,13,0,4
BRDA:89,14,0,3
BRDA:90,15,0,1
BRDA:95,16,0,2
BRDA:104,17,0,0
BRDA:109,18,0,2
BRDA:110,19,0,1
BRDA:143,20,0,6
BRDA:148,21,0,5
BRDA:148,22,0,1
BRDA:153,23,0,5
BRDA:159,24,0,4
BRDA:159,25,0,1
BRDA:164,26,0,3
BRDA:178,27,0,1
BRDA:183,28,0,2
BRDA:192,29,0,1
BRDA:208,30,0,4
BRDA:213,31,0,3
BRDA:213,32,0,1
BRDA:218,33,0,3
BRDA:224,34,0,2
BRDA:224,35,0,1
BRDA:259,36,0,4
BRDA:263,37,0,3
BRDA:263,38,0,1
BRDA:268,39,0,3
BRDA:275,40,0,2
BRDA:275,41,0,1
BRDA:309,42,0,5
BRDA:314,43,0,4
BRDA:314,44,0,1
BRDA:319,45,0,4
BRDA:328,46,0,3
BRDA:328,47,0,1
BRDA:333,48,0,2
BRDA:341,49,0,1
BRF:50
BRH:49
end_of_record
TN:
SF:src\controllers\profileController.js
FN:3,getProfile
FN:35,updateProfile
FNF:2
FNH:2
FNDA:3,getProfile
FNDA:15,updateProfile
DA:1,1
DA:2,1
DA:3,1
DA:4,3
DA:5,3
DA:6,3
DA:7,3
DA:8,3
DA:9,3
DA:10,3
DA:11,3
DA:12,3
DA:13,3
DA:14,3
DA:15,3
DA:16,3
DA:17,3
DA:18,3
DA:19,1
DA:20,1
DA:21,1
DA:22,1
DA:23,1
DA:24,1
DA:25,1
DA:26,1
DA:27,1
DA:28,1
DA:29,1
DA:30,1
DA:31,1
DA:32,1
DA:33,1
DA:34,1
DA:35,1
DA:36,15
DA:37,15
DA:38,15
DA:39,3
DA:40,3
DA:41,3
DA:42,3
DA:43,12
DA:44,12
DA:45,15
DA:46,1
DA:47,1
DA:48,1
DA:49,1
DA:50,15
DA:51,5
DA:52,5
DA:53,5
DA:54,5
DA:55,5
DA:56,1
DA:57,1
DA:58,1
DA:59,1
DA:60,4
DA:61,4
DA:62,4
DA:63,5
DA:64,1
DA:65,1
DA:66,1
DA:67,1
DA:68,3
DA:69,3
DA:70,3
DA:71,5
DA:72,1
DA:73,1
DA:74,1
DA:75,1
DA:76,5
DA:77,8
DA:78,8
DA:79,15
DA:80,15
DA:81,15
DA:82,15
DA:83,3
DA:84,3
DA:85,8
DA:86,8
DA:87,8
DA:88,8
DA:89,8
DA:90,8
DA:91,8
DA:92,8
DA:93,8
DA:94,8
DA:95,8
DA:96,8
DA:97,8
DA:98,8
DA:99,7
DA:100,7
DA:101,15
DA:102,1
DA:103,1
DA:104,1
DA:105,1
DA:106,1
DA:107,1
DA:108,1
DA:109,1
DA:110,1
DA:111,1
DA:112,1
DA:113,1
DA:114,1
DA:115,1
DA:116,1
LF:116
LH:116
BRDA:1,0,0,1
BRDA:3,1,0,3
BRDA:18,2,0,2
BRDA:18,3,0,1
BRDA:35,4,0,15
BRDA:38,5,0,14
BRDA:38,6,0,3
BRDA:43,7,0,12
BRDA:45,8,0,11
BRDA:45,9,0,10
BRDA:45,10,0,1
BRDA:50,11,0,11
BRDA:50,12,0,6
BRDA:50,13,0,5
BRDA:55,14,0,1
BRDA:60,15,0,4
BRDA:63,16,0,1
BRDA:68,17,0,3
BRDA:71,18,0,1
BRDA:77,19,0,8
BRDA:79,20,0,6
BRDA:79,21,0,2
BRDA:82,22,0,3
BRDA:85,23,0,8
BRDA:99,24,0,7
BRDA:101,25,0,1
BRF:26
BRH:26
end_of_record
TN:
SF:src\middleware\authMiddleware.js
FN:4,authMiddleware
FNF:1
FNH:1
FNDA:5,authMiddleware
DA:1,1
DA:2,1
DA:3,1
DA:4,1
DA:5,5
DA:6,5
DA:7,1
DA:8,1
DA:9,1
DA:10,1
DA:11,1
DA:12,4
DA:13,4
DA:14,4
DA:15,4
DA:16,4
DA:17,4
DA:18,4
DA:19,4
DA:20,4
DA:21,3
DA:22,3
DA:23,3
DA:24,3
DA:25,3
DA:26,3
DA:27,3
DA:28,1
DA:29,1
LF:29
LH:29
BRDA:1,0,0,1
BRDA:4,1,0,5
BRDA:6,2,0,1
BRDA:12,3,0,4
BRDA:21,4,0,3
BRF:5
BRH:5
end_of_record
TN:
SF:src\services\emailService.js
FN:13,sendPasswordResetEmail
FNF:1
FNH:1
FNDA:3,sendPasswordResetEmail
DA:1,1
DA:2,1
DA:3,1
DA:4,1
DA:5,1
DA:6,0
DA:7,0
DA:8,1
DA:9,0
DA:10,0
DA:11,1
DA:12,1
DA:13,3
DA:14,3
DA:15,3
DA:16,3
DA:17,3
DA:18,3
DA:19,3
DA:20,3
DA:21,3
DA:22,3
DA:23,3
DA:24,3
DA:25,3
DA:26,3
DA:27,3
DA:28,3
DA:29,3
DA:30,3
DA:31,3
DA:32,3
DA:33,3
DA:34,3
DA:35,3
DA:36,3
DA:37,3
DA:38,3
DA:39,3
DA:40,3
DA:41,3
DA:42,3
DA:43,3
DA:44,3
DA:45,3
DA:46,3
DA:47,3
DA:48,3
DA:49,3
DA:50,1
DA:51,3
DA:52,3
DA:53,3
DA:54,3
DA:55,3
DA:56,3
DA:57,3
DA:58,2
DA:59,3
DA:60,1
DA:61,1
DA:62,1
DA:63,1
DA:64,3
DA:65,3
DA:66,3
DA:67,3
DA:68,2
DA:69,2
DA:70,2
DA:71,2
DA:72,2
DA:73,2
DA:74,2
DA:75,2
DA:76,2
DA:77,2
DA:78,2
DA:79,3
DA:80,1
DA:81,1
DA:82,1
DA:83,1
LF:83
LH:79
BRDA:1,0,0,1
BRDA:5,1,0,0
BRDA:8,2,0,0
BRDA:13,3,0,3
BRDA:58,4,0,2
BRDA:59,5,0,1
BRDA:67,6,0,2
BRDA:48,7,0,3
BRDA:49,8,0,1
BRF:9
BRH:7
end_of_record
TN:
SF:src\utilities\logger.js
FNF:0
FNH:0
DA:1,1
DA:2,1
DA:3,1
DA:4,1
DA:5,1
DA:6,1
DA:7,1
DA:8,1
LF:8
LH:8
BRDA:1,0,0,1
BRF:1
BRH:1
end_of_record
